2023-08-25 20:31:20.883 [info] Log level: Info
2023-08-25 20:31:20.883 [info] Validating found git in: "git"
2023-08-25 20:31:20.884 [info] Using git "2.41.0" from "git"
2023-08-25 20:31:20.884 [info] > git rev-parse --show-toplevel [35ms]
2023-08-25 20:31:20.884 [info] > git rev-parse --git-dir --git-common-dir [12ms]
2023-08-25 20:31:20.884 [info] Open repository: /workspace/cherryvmp
2023-08-25 20:31:20.884 [info] > git config --get commit.template [26ms]
2023-08-25 20:31:20.884 [info] > git rev-parse --show-toplevel [3ms]
2023-08-25 20:31:20.884 [info] > git for-each-ref --format=%(refname)%00%(upstream:short)%00%(objectname)%00%(upstream:track)%00%(upstream:remotename)%00%(upstream:remoteref) refs/heads/main refs/remotes/main [4ms]
2023-08-25 20:31:20.884 [info] > git rev-parse --show-toplevel [6ms]
2023-08-25 20:31:20.903 [info] > git rev-parse --show-toplevel [3ms]
2023-08-25 20:31:20.921 [info] > git rev-parse --show-toplevel [1ms]
2023-08-25 20:31:20.934 [info] > git rev-parse --show-toplevel [2ms]
2023-08-25 20:31:20.947 [info] > git rev-parse --show-toplevel [2ms]
2023-08-25 20:31:21.397 [info] > git status -z -uall [536ms]
2023-08-25 20:31:21.476 [info] > git check-ignore -v -z --stdin [51ms]
2023-08-25 20:31:21.490 [info] > git config --get commit.template [54ms]
2023-08-25 20:31:21.491 [info] > git for-each-ref --format=%(refname)%00%(upstream:short)%00%(objectname)%00%(upstream:track)%00%(upstream:remotename)%00%(upstream:remoteref) refs/heads/main refs/remotes/main [3ms]
2023-08-25 20:31:21.980 [info] > git status -z -uall [477ms]
2023-08-25 20:31:22.369 [info] > git config --local branch.main.github-pr-owner-number [2ms]
2023-08-25 20:31:22.384 [info] > git config --get commit.template [2ms]
2023-08-25 20:31:22.397 [info] > git for-each-ref --format=%(refname)%00%(upstream:short)%00%(objectname)%00%(upstream:track)%00%(upstream:remotename)%00%(upstream:remoteref) refs/heads/main refs/remotes/main [2ms]
2023-08-25 20:31:22.922 [info] > git status -z -uall [514ms]
2023-08-25 20:31:36.693 [info] > git config --get commit.template [13ms]
2023-08-25 20:31:36.694 [info] > git for-each-ref --format=%(refname)%00%(upstream:short)%00%(objectname)%00%(upstream:track)%00%(upstream:remotename)%00%(upstream:remoteref) refs/heads/main refs/remotes/main [3ms]
2023-08-25 20:31:37.379 [info] > git status -z -uall [671ms]
2023-08-25 20:31:48.747 [info] > git config --get commit.template [90ms]
2023-08-25 20:31:48.749 [info] > git for-each-ref --format=%(refname)%00%(upstream:short)%00%(objectname)%00%(upstream:track)%00%(upstream:remotename)%00%(upstream:remoteref) refs/heads/main refs/remotes/main [3ms]
2023-08-25 20:31:50.386 [info] > git status -z -uall [1515ms]
2023-08-25 20:31:55.480 [info] > git config --get commit.template [22ms]
2023-08-25 20:31:55.485 [info] > git for-each-ref --format=%(refname)%00%(upstream:short)%00%(objectname)%00%(upstream:track)%00%(upstream:remotename)%00%(upstream:remoteref) refs/heads/main refs/remotes/main [6ms]
2023-08-25 20:31:56.315 [info] > git status -z -uall [814ms]
2023-08-25 20:32:01.364 [info] > git config --get commit.template [19ms]
2023-08-25 20:32:01.365 [info] > git for-each-ref --format=%(refname)%00%(upstream:short)%00%(objectname)%00%(upstream:track)%00%(upstream:remotename)%00%(upstream:remoteref) refs/heads/main refs/remotes/main [3ms]
2023-08-25 20:32:02.148 [info] > git status -z -uall [766ms]
2023-08-25 20:34:34.366 [info] > git config --get commit.template [12ms]
2023-08-25 20:34:34.370 [info] > git for-each-ref --format=%(refname)%00%(upstream:short)%00%(objectname)%00%(upstream:track)%00%(upstream:remotename)%00%(upstream:remoteref) refs/heads/main refs/remotes/main [4ms]
2023-08-25 20:34:34.871 [info] > git status -z -uall [491ms]
2023-08-25 20:35:38.191 [info] > git config --get commit.template [19ms]
2023-08-25 20:35:38.191 [info] > git for-each-ref --format=%(refname)%00%(upstream:short)%00%(objectname)%00%(upstream:track)%00%(upstream:remotename)%00%(upstream:remoteref) refs/heads/main refs/remotes/main [2ms]
2023-08-25 20:35:38.709 [info] > git status -z -uall [502ms]
2023-08-25 20:35:43.755 [info] > git config --get commit.template [19ms]
2023-08-25 20:35:43.755 [info] > git for-each-ref --format=%(refname)%00%(upstream:short)%00%(objectname)%00%(upstream:track)%00%(upstream:remotename)%00%(upstream:remoteref) refs/heads/main refs/remotes/main [5ms]
2023-08-25 20:35:44.244 [info] > git status -z -uall [475ms]
2023-08-25 20:35:49.340 [info] > git config --get commit.template [69ms]
2023-08-25 20:35:49.342 [info] > git for-each-ref --format=%(refname)%00%(upstream:short)%00%(objectname)%00%(upstream:track)%00%(upstream:remotename)%00%(upstream:remoteref) refs/heads/main refs/remotes/main [2ms]
2023-08-25 20:35:50.971 [info] > git status -z -uall [1614ms]
2023-08-25 20:35:56.072 [info] > git config --get commit.template [18ms]
2023-08-25 20:35:56.073 [info] > git for-each-ref --format=%(refname)%00%(upstream:short)%00%(objectname)%00%(upstream:track)%00%(upstream:remotename)%00%(upstream:remoteref) refs/heads/main refs/remotes/main [3ms]
2023-08-25 20:35:56.844 [info] > git status -z -uall [755ms]
2023-08-25 20:36:22.177 [info] > git config --local branch.main.github-pr-owner-number [2ms]
2023-08-25 20:36:22.205 [info] > git config --get commit.template [14ms]
2023-08-25 20:36:22.206 [info] > git for-each-ref --format=%(refname)%00%(upstream:short)%00%(objectname)%00%(upstream:track)%00%(upstream:remotename)%00%(upstream:remoteref) refs/heads/main refs/remotes/main [2ms]
2023-08-25 20:36:22.820 [info] > git status -z -uall [603ms]
2023-08-25 20:38:57.576 [info] > git config --get commit.template [18ms]
2023-08-25 20:38:57.577 [info] > git for-each-ref --format=%(refname)%00%(upstream:short)%00%(objectname)%00%(upstream:track)%00%(upstream:remotename)%00%(upstream:remoteref) refs/heads/main refs/remotes/main [2ms]
2023-08-25 20:38:58.060 [info] > git status -z -uall [473ms]
