2023-08-25 11:41:52.474 [info] Extension host with pid 308 started
2023-08-25 11:41:52.477 [error] Error: EEXIST: file already exists, open '/workspace/.vscode-remote/data/User/workspaceStorage/5f9a2fd1/vscode.lock'
2023-08-25 11:41:52.485 [info] Lock '/workspace/.vscode-remote/data/User/workspaceStorage/5f9a2fd1/vscode.lock': Could not acquire lock, checking if the file is stale.
2023-08-25 11:41:52.486 [info] Lock '/workspace/.vscode-remote/data/User/workspaceStorage/5f9a2fd1/vscode.lock': The lock does not look stale, elapsed: 37486 ms, giving up.
2023-08-25 11:41:52.487 [error] Error: EEXIST: file already exists, open '/workspace/.vscode-remote/data/User/workspaceStorage/5f9a2fd1-1/vscode.lock'
2023-08-25 11:41:52.487 [info] Lock '/workspace/.vscode-remote/data/User/workspaceStorage/5f9a2fd1-1/vscode.lock': Could not acquire lock, checking if the file is stale.
2023-08-25 11:41:52.488 [info] Lock '/workspace/.vscode-remote/data/User/workspaceStorage/5f9a2fd1-1/vscode.lock': The lock looks stale, waiting for 2s.
2023-08-25 11:41:52.654 [info] ExtensionService#_doActivateExtension gitpod.gitpod-web, startup: false, activationEvent: 'onAuthenticationRequest:gitpod'
2023-08-25 11:41:53.656 [info] ExtensionService#_doActivateExtension vscode.git-base, startup: true, activationEvent: '*', root cause: vscode.git
2023-08-25 11:41:54.489 [info] Lock '/workspace/.vscode-remote/data/User/workspaceStorage/5f9a2fd1-1/vscode.lock': The lock looks stale even after waiting for 2s.
2023-08-25 11:41:54.489 [info] Lock '/workspace/.vscode-remote/data/User/workspaceStorage/5f9a2fd1-1/vscode.lock': Deleting a stale lock.
2023-08-25 11:41:54.491 [info] Lock '/workspace/.vscode-remote/data/User/workspaceStorage/5f9a2fd1-1/vscode.lock': Lock acquired.
2023-08-25 11:41:54.590 [info] ExtensionService#_doActivateExtension vscode.git, startup: true, activationEvent: '*'
2023-08-25 11:41:54.590 [info] ExtensionService#_doActivateExtension vscode.github, startup: true, activationEvent: '*'
2023-08-25 11:41:55.112 [info] Eager extensions activated
2023-08-25 11:41:55.112 [info] ExtensionService#_doActivateExtension vscode.debug-auto-launch, startup: false, activationEvent: 'onStartupFinished'
2023-08-25 11:41:55.113 [info] ExtensionService#_doActivateExtension vscode.merge-conflict, startup: false, activationEvent: 'onStartupFinished'
2023-08-25 11:41:55.113 [info] ExtensionService#_doActivateExtension vscode.github-authentication, startup: false, activationEvent: 'onStartupFinished', root cause: GitHub.vscode-pull-request-github
2023-08-25 11:41:55.225 [info] ExtensionService#_doActivateExtension GitHub.vscode-pull-request-github, startup: false, activationEvent: 'onStartupFinished'
2023-08-25 11:41:56.338 [info] ExtensionService#_doActivateExtension vscode.json-language-features, startup: false, activationEvent: 'onLanguage:jsonc'
2023-08-25 11:41:56.338 [info] ExtensionService#_doActivateExtension vscode.typescript-language-features, startup: false, activationEvent: 'onLanguage:jsonc'
2023-08-25 11:41:56.338 [info] ExtensionService#_doActivateExtension vscode.emmet, startup: false, activationEvent: 'onLanguage'
2023-08-25 12:47:49.632 [info] Extension host terminating: renderer disconnected
2023-08-25 12:47:49.635 [info] Lock '/workspace/.vscode-remote/data/User/workspaceStorage/5f9a2fd1-1/vscode.lock': Marking the lockfile as scheduled to be released in 6000 ms.
2023-08-25 12:47:49.665 [error] Canceled: Canceled
	at Object.I [as $4] (/ide/out/vs/workbench/api/node/extensionHostProcess.js:10:1032)
	at /ide/out/vs/workbench/api/node/extensionHostProcess.js:114:4817
	at Array.forEach (<anonymous>)
	at t.dispose (/ide/out/vs/workbench/api/node/extensionHostProcess.js:114:4782)
	at r.terminate (/ide/out/vs/workbench/api/node/extensionHostProcess.js:116:7817)
	at s.terminate (/ide/out/vs/workbench/api/node/extensionHostProcess.js:120:1506)
	at C (/ide/out/vs/workbench/api/node/extensionHostProcess.js:130:32253)
	at r.value (/ide/out/vs/workbench/api/node/extensionHostProcess.js:130:29625)
	at f.w (/ide/out/vs/workbench/api/node/extensionHostProcess.js:63:1902)
	at fire (/ide/out/vs/workbench/api/node/extensionHostProcess.js:63:2119)
	at y.fire (/ide/out/vs/workbench/api/node/extensionHostProcess.js:79:13931)
	at n.z (/ide/out/vs/workbench/api/node/extensionHostProcess.js:79:17077)
	at r.value (/ide/out/vs/workbench/api/node/extensionHostProcess.js:79:16401)
	at f.w (/ide/out/vs/workbench/api/node/extensionHostProcess.js:63:1902)
	at fire (/ide/out/vs/workbench/api/node/extensionHostProcess.js:63:2119)
	at r.acceptChunk (/ide/out/vs/workbench/api/node/extensionHostProcess.js:79:11705)
	at r.value (/ide/out/vs/workbench/api/node/extensionHostProcess.js:79:10992)
	at f.w (/ide/out/vs/workbench/api/node/extensionHostProcess.js:63:1902)
	at fire (/ide/out/vs/workbench/api/node/extensionHostProcess.js:63:2119)
	at f.u (/ide/out/vs/workbench/api/node/extensionHostProcess.js:130:19076) setContext undefined
2023-08-25 12:47:49.665 [error] Canceled: Canceled
	at Object.I [as $4] (/ide/out/vs/workbench/api/node/extensionHostProcess.js:10:1032)
	at /ide/out/vs/workbench/api/node/extensionHostProcess.js:114:4817
	at Array.forEach (<anonymous>)
	at t.dispose (/ide/out/vs/workbench/api/node/extensionHostProcess.js:114:4782)
	at r.terminate (/ide/out/vs/workbench/api/node/extensionHostProcess.js:116:7817)
	at s.terminate (/ide/out/vs/workbench/api/node/extensionHostProcess.js:120:1506)
	at C (/ide/out/vs/workbench/api/node/extensionHostProcess.js:130:32253)
	at r.value (/ide/out/vs/workbench/api/node/extensionHostProcess.js:130:29625)
	at f.w (/ide/out/vs/workbench/api/node/extensionHostProcess.js:63:1902)
	at fire (/ide/out/vs/workbench/api/node/extensionHostProcess.js:63:2119)
	at y.fire (/ide/out/vs/workbench/api/node/extensionHostProcess.js:79:13931)
	at n.z (/ide/out/vs/workbench/api/node/extensionHostProcess.js:79:17077)
	at r.value (/ide/out/vs/workbench/api/node/extensionHostProcess.js:79:16401)
	at f.w (/ide/out/vs/workbench/api/node/extensionHostProcess.js:63:1902)
	at fire (/ide/out/vs/workbench/api/node/extensionHostProcess.js:63:2119)
	at r.acceptChunk (/ide/out/vs/workbench/api/node/extensionHostProcess.js:79:11705)
	at r.value (/ide/out/vs/workbench/api/node/extensionHostProcess.js:79:10992)
	at f.w (/ide/out/vs/workbench/api/node/extensionHostProcess.js:63:1902)
	at fire (/ide/out/vs/workbench/api/node/extensionHostProcess.js:63:2119)
	at f.u (/ide/out/vs/workbench/api/node/extensionHostProcess.js:130:19076) setContext undefined
2023-08-25 12:47:49.665 [error] Canceled: Canceled
	at Object.I [as $4] (/ide/out/vs/workbench/api/node/extensionHostProcess.js:10:1032)
	at /ide/out/vs/workbench/api/node/extensionHostProcess.js:114:4817
	at Array.forEach (<anonymous>)
	at t.dispose (/ide/out/vs/workbench/api/node/extensionHostProcess.js:114:4782)
	at r.terminate (/ide/out/vs/workbench/api/node/extensionHostProcess.js:116:7817)
	at s.terminate (/ide/out/vs/workbench/api/node/extensionHostProcess.js:120:1506)
	at C (/ide/out/vs/workbench/api/node/extensionHostProcess.js:130:32253)
	at r.value (/ide/out/vs/workbench/api/node/extensionHostProcess.js:130:29625)
	at f.w (/ide/out/vs/workbench/api/node/extensionHostProcess.js:63:1902)
	at fire (/ide/out/vs/workbench/api/node/extensionHostProcess.js:63:2119)
	at y.fire (/ide/out/vs/workbench/api/node/extensionHostProcess.js:79:13931)
	at n.z (/ide/out/vs/workbench/api/node/extensionHostProcess.js:79:17077)
	at r.value (/ide/out/vs/workbench/api/node/extensionHostProcess.js:79:16401)
	at f.w (/ide/out/vs/workbench/api/node/extensionHostProcess.js:63:1902)
	at fire (/ide/out/vs/workbench/api/node/extensionHostProcess.js:63:2119)
	at r.acceptChunk (/ide/out/vs/workbench/api/node/extensionHostProcess.js:79:11705)
	at r.value (/ide/out/vs/workbench/api/node/extensionHostProcess.js:79:10992)
	at f.w (/ide/out/vs/workbench/api/node/extensionHostProcess.js:63:1902)
	at fire (/ide/out/vs/workbench/api/node/extensionHostProcess.js:63:2119)
	at f.u (/ide/out/vs/workbench/api/node/extensionHostProcess.js:130:19076) setContext undefined
2023-08-25 12:47:49.665 [error] Canceled: Canceled
	at Object.I [as $4] (/ide/out/vs/workbench/api/node/extensionHostProcess.js:10:1032)
	at /ide/out/vs/workbench/api/node/extensionHostProcess.js:114:4817
	at Array.forEach (<anonymous>)
	at t.dispose (/ide/out/vs/workbench/api/node/extensionHostProcess.js:114:4782)
	at r.terminate (/ide/out/vs/workbench/api/node/extensionHostProcess.js:116:7817)
	at s.terminate (/ide/out/vs/workbench/api/node/extensionHostProcess.js:120:1506)
	at C (/ide/out/vs/workbench/api/node/extensionHostProcess.js:130:32253)
	at r.value (/ide/out/vs/workbench/api/node/extensionHostProcess.js:130:29625)
	at f.w (/ide/out/vs/workbench/api/node/extensionHostProcess.js:63:1902)
	at fire (/ide/out/vs/workbench/api/node/extensionHostProcess.js:63:2119)
	at y.fire (/ide/out/vs/workbench/api/node/extensionHostProcess.js:79:13931)
	at n.z (/ide/out/vs/workbench/api/node/extensionHostProcess.js:79:17077)
	at r.value (/ide/out/vs/workbench/api/node/extensionHostProcess.js:79:16401)
	at f.w (/ide/out/vs/workbench/api/node/extensionHostProcess.js:63:1902)
	at fire (/ide/out/vs/workbench/api/node/extensionHostProcess.js:63:2119)
	at r.acceptChunk (/ide/out/vs/workbench/api/node/extensionHostProcess.js:79:11705)
	at r.value (/ide/out/vs/workbench/api/node/extensionHostProcess.js:79:10992)
	at f.w (/ide/out/vs/workbench/api/node/extensionHostProcess.js:63:1902)
	at fire (/ide/out/vs/workbench/api/node/extensionHostProcess.js:63:2119)
	at f.u (/ide/out/vs/workbench/api/node/extensionHostProcess.js:130:19076) setContext undefined
2023-08-25 12:47:49.666 [error] Canceled: Canceled
	at Object.I [as $4] (/ide/out/vs/workbench/api/node/extensionHostProcess.js:10:1032)
	at /ide/out/vs/workbench/api/node/extensionHostProcess.js:114:4817
	at Array.forEach (<anonymous>)
	at t.dispose (/ide/out/vs/workbench/api/node/extensionHostProcess.js:114:4782)
	at r.terminate (/ide/out/vs/workbench/api/node/extensionHostProcess.js:116:7817)
	at s.terminate (/ide/out/vs/workbench/api/node/extensionHostProcess.js:120:1506)
	at C (/ide/out/vs/workbench/api/node/extensionHostProcess.js:130:32253)
	at r.value (/ide/out/vs/workbench/api/node/extensionHostProcess.js:130:29625)
	at f.w (/ide/out/vs/workbench/api/node/extensionHostProcess.js:63:1902)
	at fire (/ide/out/vs/workbench/api/node/extensionHostProcess.js:63:2119)
	at y.fire (/ide/out/vs/workbench/api/node/extensionHostProcess.js:79:13931)
	at n.z (/ide/out/vs/workbench/api/node/extensionHostProcess.js:79:17077)
	at r.value (/ide/out/vs/workbench/api/node/extensionHostProcess.js:79:16401)
	at f.w (/ide/out/vs/workbench/api/node/extensionHostProcess.js:63:1902)
	at fire (/ide/out/vs/workbench/api/node/extensionHostProcess.js:63:2119)
	at r.acceptChunk (/ide/out/vs/workbench/api/node/extensionHostProcess.js:79:11705)
	at r.value (/ide/out/vs/workbench/api/node/extensionHostProcess.js:79:10992)
	at f.w (/ide/out/vs/workbench/api/node/extensionHostProcess.js:63:1902)
	at fire (/ide/out/vs/workbench/api/node/extensionHostProcess.js:63:2119)
	at f.u (/ide/out/vs/workbench/api/node/extensionHostProcess.js:130:19076) setContext undefined
2023-08-25 12:47:49.666 [error] Canceled: Canceled
	at Object.I [as $4] (/ide/out/vs/workbench/api/node/extensionHostProcess.js:10:1032)
	at /ide/out/vs/workbench/api/node/extensionHostProcess.js:114:4817
	at Array.forEach (<anonymous>)
	at t.dispose (/ide/out/vs/workbench/api/node/extensionHostProcess.js:114:4782)
	at r.terminate (/ide/out/vs/workbench/api/node/extensionHostProcess.js:116:7817)
	at s.terminate (/ide/out/vs/workbench/api/node/extensionHostProcess.js:120:1506)
	at C (/ide/out/vs/workbench/api/node/extensionHostProcess.js:130:32253)
	at r.value (/ide/out/vs/workbench/api/node/extensionHostProcess.js:130:29625)
	at f.w (/ide/out/vs/workbench/api/node/extensionHostProcess.js:63:1902)
	at fire (/ide/out/vs/workbench/api/node/extensionHostProcess.js:63:2119)
	at y.fire (/ide/out/vs/workbench/api/node/extensionHostProcess.js:79:13931)
	at n.z (/ide/out/vs/workbench/api/node/extensionHostProcess.js:79:17077)
	at r.value (/ide/out/vs/workbench/api/node/extensionHostProcess.js:79:16401)
	at f.w (/ide/out/vs/workbench/api/node/extensionHostProcess.js:63:1902)
	at fire (/ide/out/vs/workbench/api/node/extensionHostProcess.js:63:2119)
	at r.acceptChunk (/ide/out/vs/workbench/api/node/extensionHostProcess.js:79:11705)
	at r.value (/ide/out/vs/workbench/api/node/extensionHostProcess.js:79:10992)
	at f.w (/ide/out/vs/workbench/api/node/extensionHostProcess.js:63:1902)
	at fire (/ide/out/vs/workbench/api/node/extensionHostProcess.js:63:2119)
	at f.u (/ide/out/vs/workbench/api/node/extensionHostProcess.js:130:19076) setContext undefined
2023-08-25 12:47:49.666 [error] Canceled: Canceled
	at Object.I [as $4] (/ide/out/vs/workbench/api/node/extensionHostProcess.js:10:1032)
	at /ide/out/vs/workbench/api/node/extensionHostProcess.js:114:4817
	at Array.forEach (<anonymous>)
	at t.dispose (/ide/out/vs/workbench/api/node/extensionHostProcess.js:114:4782)
	at r.terminate (/ide/out/vs/workbench/api/node/extensionHostProcess.js:116:7817)
	at s.terminate (/ide/out/vs/workbench/api/node/extensionHostProcess.js:120:1506)
	at C (/ide/out/vs/workbench/api/node/extensionHostProcess.js:130:32253)
	at r.value (/ide/out/vs/workbench/api/node/extensionHostProcess.js:130:29625)
	at f.w (/ide/out/vs/workbench/api/node/extensionHostProcess.js:63:1902)
	at fire (/ide/out/vs/workbench/api/node/extensionHostProcess.js:63:2119)
	at y.fire (/ide/out/vs/workbench/api/node/extensionHostProcess.js:79:13931)
	at n.z (/ide/out/vs/workbench/api/node/extensionHostProcess.js:79:17077)
	at r.value (/ide/out/vs/workbench/api/node/extensionHostProcess.js:79:16401)
	at f.w (/ide/out/vs/workbench/api/node/extensionHostProcess.js:63:1902)
	at fire (/ide/out/vs/workbench/api/node/extensionHostProcess.js:63:2119)
	at r.acceptChunk (/ide/out/vs/workbench/api/node/extensionHostProcess.js:79:11705)
	at r.value (/ide/out/vs/workbench/api/node/extensionHostProcess.js:79:10992)
	at f.w (/ide/out/vs/workbench/api/node/extensionHostProcess.js:63:1902)
	at fire (/ide/out/vs/workbench/api/node/extensionHostProcess.js:63:2119)
	at f.u (/ide/out/vs/workbench/api/node/extensionHostProcess.js:130:19076) setContext undefined
2023-08-25 12:47:49.666 [error] Canceled: Canceled
	at Object.I [as $4] (/ide/out/vs/workbench/api/node/extensionHostProcess.js:10:1032)
	at /ide/out/vs/workbench/api/node/extensionHostProcess.js:114:4817
	at Array.forEach (<anonymous>)
	at t.dispose (/ide/out/vs/workbench/api/node/extensionHostProcess.js:114:4782)
	at r.terminate (/ide/out/vs/workbench/api/node/extensionHostProcess.js:116:7817)
	at s.terminate (/ide/out/vs/workbench/api/node/extensionHostProcess.js:120:1506)
	at C (/ide/out/vs/workbench/api/node/extensionHostProcess.js:130:32253)
	at r.value (/ide/out/vs/workbench/api/node/extensionHostProcess.js:130:29625)
	at f.w (/ide/out/vs/workbench/api/node/extensionHostProcess.js:63:1902)
	at fire (/ide/out/vs/workbench/api/node/extensionHostProcess.js:63:2119)
	at y.fire (/ide/out/vs/workbench/api/node/extensionHostProcess.js:79:13931)
	at n.z (/ide/out/vs/workbench/api/node/extensionHostProcess.js:79:17077)
	at r.value (/ide/out/vs/workbench/api/node/extensionHostProcess.js:79:16401)
	at f.w (/ide/out/vs/workbench/api/node/extensionHostProcess.js:63:1902)
	at fire (/ide/out/vs/workbench/api/node/extensionHostProcess.js:63:2119)
	at r.acceptChunk (/ide/out/vs/workbench/api/node/extensionHostProcess.js:79:11705)
	at r.value (/ide/out/vs/workbench/api/node/extensionHostProcess.js:79:10992)
	at f.w (/ide/out/vs/workbench/api/node/extensionHostProcess.js:63:1902)
	at fire (/ide/out/vs/workbench/api/node/extensionHostProcess.js:63:2119)
	at f.u (/ide/out/vs/workbench/api/node/extensionHostProcess.js:130:19076) setContext undefined
2023-08-25 12:47:49.666 [error] Canceled: Canceled
	at Object.I [as $4] (/ide/out/vs/workbench/api/node/extensionHostProcess.js:10:1032)
	at /ide/out/vs/workbench/api/node/extensionHostProcess.js:114:4817
	at Array.forEach (<anonymous>)
	at t.dispose (/ide/out/vs/workbench/api/node/extensionHostProcess.js:114:4782)
	at r.terminate (/ide/out/vs/workbench/api/node/extensionHostProcess.js:116:7817)
	at s.terminate (/ide/out/vs/workbench/api/node/extensionHostProcess.js:120:1506)
	at C (/ide/out/vs/workbench/api/node/extensionHostProcess.js:130:32253)
	at r.value (/ide/out/vs/workbench/api/node/extensionHostProcess.js:130:29625)
	at f.w (/ide/out/vs/workbench/api/node/extensionHostProcess.js:63:1902)
	at fire (/ide/out/vs/workbench/api/node/extensionHostProcess.js:63:2119)
	at y.fire (/ide/out/vs/workbench/api/node/extensionHostProcess.js:79:13931)
	at n.z (/ide/out/vs/workbench/api/node/extensionHostProcess.js:79:17077)
	at r.value (/ide/out/vs/workbench/api/node/extensionHostProcess.js:79:16401)
	at f.w (/ide/out/vs/workbench/api/node/extensionHostProcess.js:63:1902)
	at fire (/ide/out/vs/workbench/api/node/extensionHostProcess.js:63:2119)
	at r.acceptChunk (/ide/out/vs/workbench/api/node/extensionHostProcess.js:79:11705)
	at r.value (/ide/out/vs/workbench/api/node/extensionHostProcess.js:79:10992)
	at f.w (/ide/out/vs/workbench/api/node/extensionHostProcess.js:63:1902)
	at fire (/ide/out/vs/workbench/api/node/extensionHostProcess.js:63:2119)
	at f.u (/ide/out/vs/workbench/api/node/extensionHostProcess.js:130:19076) setContext undefined
2023-08-25 12:47:49.666 [error] Canceled: Canceled
	at Object.I [as $4] (/ide/out/vs/workbench/api/node/extensionHostProcess.js:10:1032)
	at /ide/out/vs/workbench/api/node/extensionHostProcess.js:114:4817
	at Array.forEach (<anonymous>)
	at t.dispose (/ide/out/vs/workbench/api/node/extensionHostProcess.js:114:4782)
	at r.terminate (/ide/out/vs/workbench/api/node/extensionHostProcess.js:116:7817)
	at s.terminate (/ide/out/vs/workbench/api/node/extensionHostProcess.js:120:1506)
	at C (/ide/out/vs/workbench/api/node/extensionHostProcess.js:130:32253)
	at r.value (/ide/out/vs/workbench/api/node/extensionHostProcess.js:130:29625)
	at f.w (/ide/out/vs/workbench/api/node/extensionHostProcess.js:63:1902)
	at fire (/ide/out/vs/workbench/api/node/extensionHostProcess.js:63:2119)
	at y.fire (/ide/out/vs/workbench/api/node/extensionHostProcess.js:79:13931)
	at n.z (/ide/out/vs/workbench/api/node/extensionHostProcess.js:79:17077)
	at r.value (/ide/out/vs/workbench/api/node/extensionHostProcess.js:79:16401)
	at f.w (/ide/out/vs/workbench/api/node/extensionHostProcess.js:63:1902)
	at fire (/ide/out/vs/workbench/api/node/extensionHostProcess.js:63:2119)
	at r.acceptChunk (/ide/out/vs/workbench/api/node/extensionHostProcess.js:79:11705)
	at r.value (/ide/out/vs/workbench/api/node/extensionHostProcess.js:79:10992)
	at f.w (/ide/out/vs/workbench/api/node/extensionHostProcess.js:63:1902)
	at fire (/ide/out/vs/workbench/api/node/extensionHostProcess.js:63:2119)
	at f.u (/ide/out/vs/workbench/api/node/extensionHostProcess.js:130:19076) setContext undefined
2023-08-25 12:47:49.666 [error] Canceled: Canceled
	at Object.I [as $4] (/ide/out/vs/workbench/api/node/extensionHostProcess.js:10:1032)
	at /ide/out/vs/workbench/api/node/extensionHostProcess.js:114:4817
	at Array.forEach (<anonymous>)
	at t.dispose (/ide/out/vs/workbench/api/node/extensionHostProcess.js:114:4782)
	at r.terminate (/ide/out/vs/workbench/api/node/extensionHostProcess.js:116:7817)
	at s.terminate (/ide/out/vs/workbench/api/node/extensionHostProcess.js:120:1506)
	at C (/ide/out/vs/workbench/api/node/extensionHostProcess.js:130:32253)
	at r.value (/ide/out/vs/workbench/api/node/extensionHostProcess.js:130:29625)
	at f.w (/ide/out/vs/workbench/api/node/extensionHostProcess.js:63:1902)
	at fire (/ide/out/vs/workbench/api/node/extensionHostProcess.js:63:2119)
	at y.fire (/ide/out/vs/workbench/api/node/extensionHostProcess.js:79:13931)
	at n.z (/ide/out/vs/workbench/api/node/extensionHostProcess.js:79:17077)
	at r.value (/ide/out/vs/workbench/api/node/extensionHostProcess.js:79:16401)
	at f.w (/ide/out/vs/workbench/api/node/extensionHostProcess.js:63:1902)
	at fire (/ide/out/vs/workbench/api/node/extensionHostProcess.js:63:2119)
	at r.acceptChunk (/ide/out/vs/workbench/api/node/extensionHostProcess.js:79:11705)
	at r.value (/ide/out/vs/workbench/api/node/extensionHostProcess.js:79:10992)
	at f.w (/ide/out/vs/workbench/api/node/extensionHostProcess.js:63:1902)
	at fire (/ide/out/vs/workbench/api/node/extensionHostProcess.js:63:2119)
	at f.u (/ide/out/vs/workbench/api/node/extensionHostProcess.js:130:19076) setContext undefined
2023-08-25 12:47:49.666 [error] Canceled: Canceled
	at Object.I [as $4] (/ide/out/vs/workbench/api/node/extensionHostProcess.js:10:1032)
	at /ide/out/vs/workbench/api/node/extensionHostProcess.js:114:4817
	at Array.forEach (<anonymous>)
	at t.dispose (/ide/out/vs/workbench/api/node/extensionHostProcess.js:114:4782)
	at r.terminate (/ide/out/vs/workbench/api/node/extensionHostProcess.js:116:7817)
	at s.terminate (/ide/out/vs/workbench/api/node/extensionHostProcess.js:120:1506)
	at C (/ide/out/vs/workbench/api/node/extensionHostProcess.js:130:32253)
	at r.value (/ide/out/vs/workbench/api/node/extensionHostProcess.js:130:29625)
	at f.w (/ide/out/vs/workbench/api/node/extensionHostProcess.js:63:1902)
	at fire (/ide/out/vs/workbench/api/node/extensionHostProcess.js:63:2119)
	at y.fire (/ide/out/vs/workbench/api/node/extensionHostProcess.js:79:13931)
	at n.z (/ide/out/vs/workbench/api/node/extensionHostProcess.js:79:17077)
	at r.value (/ide/out/vs/workbench/api/node/extensionHostProcess.js:79:16401)
	at f.w (/ide/out/vs/workbench/api/node/extensionHostProcess.js:63:1902)
	at fire (/ide/out/vs/workbench/api/node/extensionHostProcess.js:63:2119)
	at r.acceptChunk (/ide/out/vs/workbench/api/node/extensionHostProcess.js:79:11705)
	at r.value (/ide/out/vs/workbench/api/node/extensionHostProcess.js:79:10992)
	at f.w (/ide/out/vs/workbench/api/node/extensionHostProcess.js:63:1902)
	at fire (/ide/out/vs/workbench/api/node/extensionHostProcess.js:63:2119)
	at f.u (/ide/out/vs/workbench/api/node/extensionHostProcess.js:130:19076) setContext undefined
2023-08-25 12:47:49.666 [error] Canceled: Canceled
	at Object.I [as $4] (/ide/out/vs/workbench/api/node/extensionHostProcess.js:10:1032)
	at /ide/out/vs/workbench/api/node/extensionHostProcess.js:114:4817
	at Array.forEach (<anonymous>)
	at t.dispose (/ide/out/vs/workbench/api/node/extensionHostProcess.js:114:4782)
	at r.terminate (/ide/out/vs/workbench/api/node/extensionHostProcess.js:116:7817)
	at s.terminate (/ide/out/vs/workbench/api/node/extensionHostProcess.js:120:1506)
	at C (/ide/out/vs/workbench/api/node/extensionHostProcess.js:130:32253)
	at r.value (/ide/out/vs/workbench/api/node/extensionHostProcess.js:130:29625)
	at f.w (/ide/out/vs/workbench/api/node/extensionHostProcess.js:63:1902)
	at fire (/ide/out/vs/workbench/api/node/extensionHostProcess.js:63:2119)
	at y.fire (/ide/out/vs/workbench/api/node/extensionHostProcess.js:79:13931)
	at n.z (/ide/out/vs/workbench/api/node/extensionHostProcess.js:79:17077)
	at r.value (/ide/out/vs/workbench/api/node/extensionHostProcess.js:79:16401)
	at f.w (/ide/out/vs/workbench/api/node/extensionHostProcess.js:63:1902)
	at fire (/ide/out/vs/workbench/api/node/extensionHostProcess.js:63:2119)
	at r.acceptChunk (/ide/out/vs/workbench/api/node/extensionHostProcess.js:79:11705)
	at r.value (/ide/out/vs/workbench/api/node/extensionHostProcess.js:79:10992)
	at f.w (/ide/out/vs/workbench/api/node/extensionHostProcess.js:63:1902)
	at fire (/ide/out/vs/workbench/api/node/extensionHostProcess.js:63:2119)
	at f.u (/ide/out/vs/workbench/api/node/extensionHostProcess.js:130:19076) setContext undefined
2023-08-25 12:47:49.666 [error] Canceled: Canceled
	at Object.I [as $4] (/ide/out/vs/workbench/api/node/extensionHostProcess.js:10:1032)
	at /ide/out/vs/workbench/api/node/extensionHostProcess.js:114:4817
	at Array.forEach (<anonymous>)
	at t.dispose (/ide/out/vs/workbench/api/node/extensionHostProcess.js:114:4782)
	at r.terminate (/ide/out/vs/workbench/api/node/extensionHostProcess.js:116:7817)
	at s.terminate (/ide/out/vs/workbench/api/node/extensionHostProcess.js:120:1506)
	at C (/ide/out/vs/workbench/api/node/extensionHostProcess.js:130:32253)
	at r.value (/ide/out/vs/workbench/api/node/extensionHostProcess.js:130:29625)
	at f.w (/ide/out/vs/workbench/api/node/extensionHostProcess.js:63:1902)
	at fire (/ide/out/vs/workbench/api/node/extensionHostProcess.js:63:2119)
	at y.fire (/ide/out/vs/workbench/api/node/extensionHostProcess.js:79:13931)
	at n.z (/ide/out/vs/workbench/api/node/extensionHostProcess.js:79:17077)
	at r.value (/ide/out/vs/workbench/api/node/extensionHostProcess.js:79:16401)
	at f.w (/ide/out/vs/workbench/api/node/extensionHostProcess.js:63:1902)
	at fire (/ide/out/vs/workbench/api/node/extensionHostProcess.js:63:2119)
	at r.acceptChunk (/ide/out/vs/workbench/api/node/extensionHostProcess.js:79:11705)
	at r.value (/ide/out/vs/workbench/api/node/extensionHostProcess.js:79:10992)
	at f.w (/ide/out/vs/workbench/api/node/extensionHostProcess.js:63:1902)
	at fire (/ide/out/vs/workbench/api/node/extensionHostProcess.js:63:2119)
	at f.u (/ide/out/vs/workbench/api/node/extensionHostProcess.js:130:19076) setContext undefined
2023-08-25 12:47:49.667 [error] Canceled: Canceled
	at Object.I [as $4] (/ide/out/vs/workbench/api/node/extensionHostProcess.js:10:1032)
	at /ide/out/vs/workbench/api/node/extensionHostProcess.js:114:4817
	at Array.forEach (<anonymous>)
	at t.dispose (/ide/out/vs/workbench/api/node/extensionHostProcess.js:114:4782)
	at r.terminate (/ide/out/vs/workbench/api/node/extensionHostProcess.js:116:7817)
	at s.terminate (/ide/out/vs/workbench/api/node/extensionHostProcess.js:120:1506)
	at C (/ide/out/vs/workbench/api/node/extensionHostProcess.js:130:32253)
	at r.value (/ide/out/vs/workbench/api/node/extensionHostProcess.js:130:29625)
	at f.w (/ide/out/vs/workbench/api/node/extensionHostProcess.js:63:1902)
	at fire (/ide/out/vs/workbench/api/node/extensionHostProcess.js:63:2119)
	at y.fire (/ide/out/vs/workbench/api/node/extensionHostProcess.js:79:13931)
	at n.z (/ide/out/vs/workbench/api/node/extensionHostProcess.js:79:17077)
	at r.value (/ide/out/vs/workbench/api/node/extensionHostProcess.js:79:16401)
	at f.w (/ide/out/vs/workbench/api/node/extensionHostProcess.js:63:1902)
	at fire (/ide/out/vs/workbench/api/node/extensionHostProcess.js:63:2119)
	at r.acceptChunk (/ide/out/vs/workbench/api/node/extensionHostProcess.js:79:11705)
	at r.value (/ide/out/vs/workbench/api/node/extensionHostProcess.js:79:10992)
	at f.w (/ide/out/vs/workbench/api/node/extensionHostProcess.js:63:1902)
	at fire (/ide/out/vs/workbench/api/node/extensionHostProcess.js:63:2119)
	at f.u (/ide/out/vs/workbench/api/node/extensionHostProcess.js:130:19076) setContext undefined
2023-08-25 12:47:49.667 [error] Canceled: Canceled
	at Object.I [as $4] (/ide/out/vs/workbench/api/node/extensionHostProcess.js:10:1032)
	at /ide/out/vs/workbench/api/node/extensionHostProcess.js:114:4817
	at Array.forEach (<anonymous>)
	at t.dispose (/ide/out/vs/workbench/api/node/extensionHostProcess.js:114:4782)
	at r.terminate (/ide/out/vs/workbench/api/node/extensionHostProcess.js:116:7817)
	at s.terminate (/ide/out/vs/workbench/api/node/extensionHostProcess.js:120:1506)
	at C (/ide/out/vs/workbench/api/node/extensionHostProcess.js:130:32253)
	at r.value (/ide/out/vs/workbench/api/node/extensionHostProcess.js:130:29625)
	at f.w (/ide/out/vs/workbench/api/node/extensionHostProcess.js:63:1902)
	at fire (/ide/out/vs/workbench/api/node/extensionHostProcess.js:63:2119)
	at y.fire (/ide/out/vs/workbench/api/node/extensionHostProcess.js:79:13931)
	at n.z (/ide/out/vs/workbench/api/node/extensionHostProcess.js:79:17077)
	at r.value (/ide/out/vs/workbench/api/node/extensionHostProcess.js:79:16401)
	at f.w (/ide/out/vs/workbench/api/node/extensionHostProcess.js:63:1902)
	at fire (/ide/out/vs/workbench/api/node/extensionHostProcess.js:63:2119)
	at r.acceptChunk (/ide/out/vs/workbench/api/node/extensionHostProcess.js:79:11705)
	at r.value (/ide/out/vs/workbench/api/node/extensionHostProcess.js:79:10992)
	at f.w (/ide/out/vs/workbench/api/node/extensionHostProcess.js:63:1902)
	at fire (/ide/out/vs/workbench/api/node/extensionHostProcess.js:63:2119)
	at f.u (/ide/out/vs/workbench/api/node/extensionHostProcess.js:130:19076) setContext undefined
2023-08-25 12:47:49.667 [error] Canceled: Canceled
	at Object.I [as $4] (/ide/out/vs/workbench/api/node/extensionHostProcess.js:10:1032)
	at /ide/out/vs/workbench/api/node/extensionHostProcess.js:114:4817
	at Array.forEach (<anonymous>)
	at t.dispose (/ide/out/vs/workbench/api/node/extensionHostProcess.js:114:4782)
	at r.terminate (/ide/out/vs/workbench/api/node/extensionHostProcess.js:116:7817)
	at s.terminate (/ide/out/vs/workbench/api/node/extensionHostProcess.js:120:1506)
	at C (/ide/out/vs/workbench/api/node/extensionHostProcess.js:130:32253)
	at r.value (/ide/out/vs/workbench/api/node/extensionHostProcess.js:130:29625)
	at f.w (/ide/out/vs/workbench/api/node/extensionHostProcess.js:63:1902)
	at fire (/ide/out/vs/workbench/api/node/extensionHostProcess.js:63:2119)
	at y.fire (/ide/out/vs/workbench/api/node/extensionHostProcess.js:79:13931)
	at n.z (/ide/out/vs/workbench/api/node/extensionHostProcess.js:79:17077)
	at r.value (/ide/out/vs/workbench/api/node/extensionHostProcess.js:79:16401)
	at f.w (/ide/out/vs/workbench/api/node/extensionHostProcess.js:63:1902)
	at fire (/ide/out/vs/workbench/api/node/extensionHostProcess.js:63:2119)
	at r.acceptChunk (/ide/out/vs/workbench/api/node/extensionHostProcess.js:79:11705)
	at r.value (/ide/out/vs/workbench/api/node/extensionHostProcess.js:79:10992)
	at f.w (/ide/out/vs/workbench/api/node/extensionHostProcess.js:63:1902)
	at fire (/ide/out/vs/workbench/api/node/extensionHostProcess.js:63:2119)
	at f.u (/ide/out/vs/workbench/api/node/extensionHostProcess.js:130:19076) setContext undefined
2023-08-25 12:47:49.667 [error] Canceled: Canceled
	at new h (/ide/out/vs/workbench/api/node/extensionHostProcess.js:102:56634)
	at t.O (/ide/out/vs/workbench/api/node/extensionHostProcess.js:114:8020)
	at Proxy.N.<computed>.T.charCodeAt.N.<computed> (/ide/out/vs/workbench/api/node/extensionHostProcess.js:114:5459)
	at a.g (/ide/out/vs/workbench/api/node/extensionHostProcess.js:102:77241)
	at a.executeCommand (/ide/out/vs/workbench/api/node/extensionHostProcess.js:102:76679)
	at v.registerCommand.description (/ide/out/vs/workbench/api/node/extensionHostProcess.js:102:76000)
	at a.h (/ide/out/vs/workbench/api/node/extensionHostProcess.js:102:77777)
	at a.g (/ide/out/vs/workbench/api/node/extensionHostProcess.js:102:76772)
	at a.executeCommand (/ide/out/vs/workbench/api/node/extensionHostProcess.js:102:76679)
	at Object.executeCommand (/ide/out/vs/workbench/api/node/extensionHostProcess.js:120:20976)
	at r.D [as value] (/ide/extensions/git/dist/main.js:2:1261690)
	at f.w (/ide/out/vs/workbench/api/node/extensionHostProcess.js:63:1902)
	at f.x (/ide/out/vs/workbench/api/node/extensionHostProcess.js:63:1972)
	at fire (/ide/out/vs/workbench/api/node/extensionHostProcess.js:63:2188)
	at Object.m [as dispose] (/ide/extensions/git/dist/main.js:2:1277293)
	at /ide/extensions/git/dist/main.js:2:1282023
	at Array.forEach (<anonymous>)
	at g.dispose (/ide/extensions/git/dist/main.js:2:1282009)
	at p.<anonymous> (/ide/out/vs/workbench/api/node/extensionHostProcess.js:98:3381)
	at p.dispose (/ide/out/vs/workbench/api/node/extensionHostProcess.js:98:3478)
	at p.<anonymous> (/ide/extensions/git/dist/main.js:2:1263703)
	at p.dispose (/ide/out/vs/workbench/api/node/extensionHostProcess.js:98:3478)
	at S (/ide/out/vs/workbench/api/node/extensionHostProcess.js:13:11731)
	at r.Z (/ide/out/vs/workbench/api/node/extensionHostProcess.js:116:9685)
	at /ide/out/vs/workbench/api/node/extensionHostProcess.js:116:7581
	at Array.map (<anonymous>)
	at r.S (/ide/out/vs/workbench/api/node/extensionHostProcess.js:116:7569)
	at r.terminate (/ide/out/vs/workbench/api/node/extensionHostProcess.js:116:7841)
	at s.terminate (/ide/out/vs/workbench/api/node/extensionHostProcess.js:120:1506)
	at C (/ide/out/vs/workbench/api/node/extensionHostProcess.js:130:32253)
	at r.value (/ide/out/vs/workbench/api/node/extensionHostProcess.js:130:29625)
	at f.w (/ide/out/vs/workbench/api/node/extensionHostProcess.js:63:1902)
	at fire (/ide/out/vs/workbench/api/node/extensionHostProcess.js:63:2119)
	at y.fire (/ide/out/vs/workbench/api/node/extensionHostProcess.js:79:13931)
	at n.z (/ide/out/vs/workbench/api/node/extensionHostProcess.js:79:17077)
	at r.value (/ide/out/vs/workbench/api/node/extensionHostProcess.js:79:16401)
	at f.w (/ide/out/vs/workbench/api/node/extensionHostProcess.js:63:1902)
	at fire (/ide/out/vs/workbench/api/node/extensionHostProcess.js:63:2119)
	at r.acceptChunk (/ide/out/vs/workbench/api/node/extensionHostProcess.js:79:11705)
	at r.value (/ide/out/vs/workbench/api/node/extensionHostProcess.js:79:10992)
	at f.w (/ide/out/vs/workbench/api/node/extensionHostProcess.js:63:1902)
	at fire (/ide/out/vs/workbench/api/node/extensionHostProcess.js:63:2119)
	at f.u (/ide/out/vs/workbench/api/node/extensionHostProcess.js:130:19076) setContext undefined
2023-08-25 12:47:49.669 [error] Canceled: Canceled
	at new h (/ide/out/vs/workbench/api/node/extensionHostProcess.js:102:56634)
	at t.O (/ide/out/vs/workbench/api/node/extensionHostProcess.js:114:8020)
	at Proxy.N.<computed>.T.charCodeAt.N.<computed> (/ide/out/vs/workbench/api/node/extensionHostProcess.js:114:5459)
	at a.g (/ide/out/vs/workbench/api/node/extensionHostProcess.js:102:77241)
	at a.executeCommand (/ide/out/vs/workbench/api/node/extensionHostProcess.js:102:76679)
	at v.registerCommand.description (/ide/out/vs/workbench/api/node/extensionHostProcess.js:102:76000)
	at a.h (/ide/out/vs/workbench/api/node/extensionHostProcess.js:102:77777)
	at a.g (/ide/out/vs/workbench/api/node/extensionHostProcess.js:102:76772)
	at a.executeCommand (/ide/out/vs/workbench/api/node/extensionHostProcess.js:102:76679)
	at Object.executeCommand (/ide/out/vs/workbench/api/node/extensionHostProcess.js:120:20976)
	at t.$ag.set b [as b] (/ide/extensions/github/dist/extension.js:2:676183)
	at /ide/extensions/github/dist/extension.js:2:676827
	at r.value (/ide/extensions/git/dist/main.js:2:1349176)
	at f.w (/ide/out/vs/workbench/api/node/extensionHostProcess.js:63:1902)
	at f.x (/ide/out/vs/workbench/api/node/extensionHostProcess.js:63:1972)
	at fire (/ide/out/vs/workbench/api/node/extensionHostProcess.js:63:2188)
	at Object.m [as dispose] (/ide/extensions/git/dist/main.js:2:1277293)
	at /ide/extensions/git/dist/main.js:2:1282023
	at Array.forEach (<anonymous>)
	at g.dispose (/ide/extensions/git/dist/main.js:2:1282009)
	at p.<anonymous> (/ide/out/vs/workbench/api/node/extensionHostProcess.js:98:3381)
	at p.dispose (/ide/out/vs/workbench/api/node/extensionHostProcess.js:98:3478)
	at p.<anonymous> (/ide/extensions/git/dist/main.js:2:1263703)
	at p.dispose (/ide/out/vs/workbench/api/node/extensionHostProcess.js:98:3478)
	at S (/ide/out/vs/workbench/api/node/extensionHostProcess.js:13:11731)
	at r.Z (/ide/out/vs/workbench/api/node/extensionHostProcess.js:116:9685)
	at /ide/out/vs/workbench/api/node/extensionHostProcess.js:116:7581
	at Array.map (<anonymous>)
	at r.S (/ide/out/vs/workbench/api/node/extensionHostProcess.js:116:7569)
	at r.terminate (/ide/out/vs/workbench/api/node/extensionHostProcess.js:116:7841)
	at s.terminate (/ide/out/vs/workbench/api/node/extensionHostProcess.js:120:1506)
	at C (/ide/out/vs/workbench/api/node/extensionHostProcess.js:130:32253)
	at r.value (/ide/out/vs/workbench/api/node/extensionHostProcess.js:130:29625)
	at f.w (/ide/out/vs/workbench/api/node/extensionHostProcess.js:63:1902)
	at fire (/ide/out/vs/workbench/api/node/extensionHostProcess.js:63:2119)
	at y.fire (/ide/out/vs/workbench/api/node/extensionHostProcess.js:79:13931)
	at n.z (/ide/out/vs/workbench/api/node/extensionHostProcess.js:79:17077)
	at r.value (/ide/out/vs/workbench/api/node/extensionHostProcess.js:79:16401)
	at f.w (/ide/out/vs/workbench/api/node/extensionHostProcess.js:63:1902)
	at fire (/ide/out/vs/workbench/api/node/extensionHostProcess.js:63:2119)
	at r.acceptChunk (/ide/out/vs/workbench/api/node/extensionHostProcess.js:79:11705)
	at r.value (/ide/out/vs/workbench/api/node/extensionHostProcess.js:79:10992)
	at f.w (/ide/out/vs/workbench/api/node/extensionHostProcess.js:63:1902)
	at fire (/ide/out/vs/workbench/api/node/extensionHostProcess.js:63:2119)
	at f.u (/ide/out/vs/workbench/api/node/extensionHostProcess.js:130:19076) setContext undefined
2023-08-25 12:47:49.669 [error] Canceled: Canceled
	at new h (/ide/out/vs/workbench/api/node/extensionHostProcess.js:102:56634)
	at t.O (/ide/out/vs/workbench/api/node/extensionHostProcess.js:114:8020)
	at Proxy.N.<computed>.T.charCodeAt.N.<computed> (/ide/out/vs/workbench/api/node/extensionHostProcess.js:114:5459)
	at a.g (/ide/out/vs/workbench/api/node/extensionHostProcess.js:102:77241)
	at a.executeCommand (/ide/out/vs/workbench/api/node/extensionHostProcess.js:102:76679)
	at v.registerCommand.description (/ide/out/vs/workbench/api/node/extensionHostProcess.js:102:76000)
	at a.h (/ide/out/vs/workbench/api/node/extensionHostProcess.js:102:77777)
	at a.g (/ide/out/vs/workbench/api/node/extensionHostProcess.js:102:76772)
	at a.executeCommand (/ide/out/vs/workbench/api/node/extensionHostProcess.js:102:76679)
	at Object.executeCommand (/ide/out/vs/workbench/api/node/extensionHostProcess.js:120:20976)
	at e (/workspace/.vscode-remote/extensions/github.vscode-pull-request-github-0.70.0-universal/dist/extension.js:1655:1445)
	at Object.n [as setContext] (/workspace/.vscode-remote/extensions/github.vscode-pull-request-github-0.70.0-universal/dist/extension.js:1655:1560)
	at gp.updateActiveReviewCount (/workspace/.vscode-remote/extensions/github.vscode-pull-request-github-0.70.0-universal/dist/extension.js:1772:22481)
	at gp.removeRepo (/workspace/.vscode-remote/extensions/github.vscode-pull-request-github-0.70.0-universal/dist/extension.js:1772:23608)
	at r.value (/workspace/.vscode-remote/extensions/github.vscode-pull-request-github-0.70.0-universal/dist/extension.js:1835:4126)
	at f.w (/ide/out/vs/workbench/api/node/extensionHostProcess.js:63:1902)
	at f.x (/ide/out/vs/workbench/api/node/extensionHostProcess.js:63:1972)
	at fire (/ide/out/vs/workbench/api/node/extensionHostProcess.js:63:2188)
	at r.value (/workspace/.vscode-remote/extensions/github.vscode-pull-request-github-0.70.0-universal/dist/extension.js:1624:461993)
	at f.w (/ide/out/vs/workbench/api/node/extensionHostProcess.js:63:1902)
	at fire (/ide/out/vs/workbench/api/node/extensionHostProcess.js:63:2119)
	at /workspace/.vscode-remote/extensions/github.vscode-pull-request-github-0.70.0-universal/dist/extension.js:1772:27322
	at r.value (/ide/extensions/git/dist/main.js:2:1349176)
	at f.w (/ide/out/vs/workbench/api/node/extensionHostProcess.js:63:1902)
	at f.x (/ide/out/vs/workbench/api/node/extensionHostProcess.js:63:1972)
	at fire (/ide/out/vs/workbench/api/node/extensionHostProcess.js:63:2188)
	at Object.m [as dispose] (/ide/extensions/git/dist/main.js:2:1277293)
	at /ide/extensions/git/dist/main.js:2:1282023
	at Array.forEach (<anonymous>)
	at g.dispose (/ide/extensions/git/dist/main.js:2:1282009)
	at p.<anonymous> (/ide/out/vs/workbench/api/node/extensionHostProcess.js:98:3381)
	at p.dispose (/ide/out/vs/workbench/api/node/extensionHostProcess.js:98:3478)
	at p.<anonymous> (/ide/extensions/git/dist/main.js:2:1263703)
	at p.dispose (/ide/out/vs/workbench/api/node/extensionHostProcess.js:98:3478)
	at S (/ide/out/vs/workbench/api/node/extensionHostProcess.js:13:11731)
	at r.Z (/ide/out/vs/workbench/api/node/extensionHostProcess.js:116:9685)
	at /ide/out/vs/workbench/api/node/extensionHostProcess.js:116:7581
	at Array.map (<anonymous>)
	at r.S (/ide/out/vs/workbench/api/node/extensionHostProcess.js:116:7569)
	at r.terminate (/ide/out/vs/workbench/api/node/extensionHostProcess.js:116:7841)
	at s.terminate (/ide/out/vs/workbench/api/node/extensionHostProcess.js:120:1506)
	at C (/ide/out/vs/workbench/api/node/extensionHostProcess.js:130:32253)
	at r.value (/ide/out/vs/workbench/api/node/extensionHostProcess.js:130:29625)
	at f.w (/ide/out/vs/workbench/api/node/extensionHostProcess.js:63:1902)
	at fire (/ide/out/vs/workbench/api/node/extensionHostProcess.js:63:2119)
	at y.fire (/ide/out/vs/workbench/api/node/extensionHostProcess.js:79:13931)
	at n.z (/ide/out/vs/workbench/api/node/extensionHostProcess.js:79:17077)
	at r.value (/ide/out/vs/workbench/api/node/extensionHostProcess.js:79:16401)
	at f.w (/ide/out/vs/workbench/api/node/extensionHostProcess.js:63:1902)
	at fire (/ide/out/vs/workbench/api/node/extensionHostProcess.js:63:2119)
	at r.acceptChunk (/ide/out/vs/workbench/api/node/extensionHostProcess.js:79:11705)
	at r.value (/ide/out/vs/workbench/api/node/extensionHostProcess.js:79:10992)
	at f.w (/ide/out/vs/workbench/api/node/extensionHostProcess.js:63:1902)
	at fire (/ide/out/vs/workbench/api/node/extensionHostProcess.js:63:2119)
	at f.u (/ide/out/vs/workbench/api/node/extensionHostProcess.js:130:19076) setContext undefined
2023-08-25 12:47:49.669 [error] Canceled: Canceled
	at new h (/ide/out/vs/workbench/api/node/extensionHostProcess.js:102:56634)
	at t.O (/ide/out/vs/workbench/api/node/extensionHostProcess.js:114:8020)
	at Proxy.N.<computed>.T.charCodeAt.N.<computed> (/ide/out/vs/workbench/api/node/extensionHostProcess.js:114:5459)
	at a.g (/ide/out/vs/workbench/api/node/extensionHostProcess.js:102:77241)
	at a.executeCommand (/ide/out/vs/workbench/api/node/extensionHostProcess.js:102:76679)
	at v.registerCommand.description (/ide/out/vs/workbench/api/node/extensionHostProcess.js:102:76000)
	at a.h (/ide/out/vs/workbench/api/node/extensionHostProcess.js:102:77777)
	at a.g (/ide/out/vs/workbench/api/node/extensionHostProcess.js:102:76772)
	at a.executeCommand (/ide/out/vs/workbench/api/node/extensionHostProcess.js:102:76679)
	at Object.executeCommand (/ide/out/vs/workbench/api/node/extensionHostProcess.js:120:20976)
	at r0.reset (/workspace/.vscode-remote/extensions/github.vscode-pull-request-github-0.70.0-universal/dist/extension.js:1822:4008)
	at r0.dispose (/workspace/.vscode-remote/extensions/github.vscode-pull-request-github-0.70.0-universal/dist/extension.js:1822:4247)
	at S (/ide/out/vs/workbench/api/node/extensionHostProcess.js:13:11731)
	at r.Z (/ide/out/vs/workbench/api/node/extensionHostProcess.js:116:9685)
	at /ide/out/vs/workbench/api/node/extensionHostProcess.js:116:7581
	at Array.map (<anonymous>)
	at r.S (/ide/out/vs/workbench/api/node/extensionHostProcess.js:116:7569)
	at r.terminate (/ide/out/vs/workbench/api/node/extensionHostProcess.js:116:7841)
	at s.terminate (/ide/out/vs/workbench/api/node/extensionHostProcess.js:120:1506)
	at C (/ide/out/vs/workbench/api/node/extensionHostProcess.js:130:32253)
	at r.value (/ide/out/vs/workbench/api/node/extensionHostProcess.js:130:29625)
	at f.w (/ide/out/vs/workbench/api/node/extensionHostProcess.js:63:1902)
	at fire (/ide/out/vs/workbench/api/node/extensionHostProcess.js:63:2119)
	at y.fire (/ide/out/vs/workbench/api/node/extensionHostProcess.js:79:13931)
	at n.z (/ide/out/vs/workbench/api/node/extensionHostProcess.js:79:17077)
	at r.value (/ide/out/vs/workbench/api/node/extensionHostProcess.js:79:16401)
	at f.w (/ide/out/vs/workbench/api/node/extensionHostProcess.js:63:1902)
	at fire (/ide/out/vs/workbench/api/node/extensionHostProcess.js:63:2119)
	at r.acceptChunk (/ide/out/vs/workbench/api/node/extensionHostProcess.js:79:11705)
	at r.value (/ide/out/vs/workbench/api/node/extensionHostProcess.js:79:10992)
	at f.w (/ide/out/vs/workbench/api/node/extensionHostProcess.js:63:1902)
	at fire (/ide/out/vs/workbench/api/node/extensionHostProcess.js:63:2119)
	at f.u (/ide/out/vs/workbench/api/node/extensionHostProcess.js:130:19076) setContext undefined
2023-08-25 12:47:49.697 [info] Extension host with pid 308 exiting with code 0
