2023-08-25 12:47:58.851 [info] Log level: Info
2023-08-25 12:47:58.851 [info] Validating found git in: "git"
2023-08-25 12:47:58.851 [info] Using git "2.41.0" from "git"
2023-08-25 12:47:58.851 [info] > git rev-parse --show-toplevel [2ms]
2023-08-25 12:47:58.851 [info] > git rev-parse --git-dir --git-common-dir [2ms]
2023-08-25 12:47:58.851 [info] Open repository: /workspace/cherryvmp
2023-08-25 12:47:58.851 [info] > git config --get commit.template [10ms]
2023-08-25 12:47:58.851 [info] > git rev-parse --show-toplevel [11ms]
2023-08-25 12:47:58.851 [info] > git for-each-ref --format=%(refname)%00%(upstream:short)%00%(objectname)%00%(upstream:track)%00%(upstream:remotename)%00%(upstream:remoteref) refs/heads/main refs/remotes/main [2ms]
2023-08-25 12:47:58.851 [info] > git rev-parse --show-toplevel [2ms]
2023-08-25 12:47:58.865 [info] > git rev-parse --show-toplevel [1ms]
2023-08-25 12:47:58.879 [info] > git rev-parse --show-toplevel [2ms]
2023-08-25 12:47:58.894 [info] > git rev-parse --show-toplevel [2ms]
2023-08-25 12:47:58.908 [info] > git rev-parse --show-toplevel [1ms]
2023-08-25 12:47:59.328 [info] > git status -z -uall [489ms]
2023-08-25 12:47:59.364 [info] > git config --get commit.template [11ms]
2023-08-25 12:47:59.365 [info] > git for-each-ref --format=%(refname)%00%(upstream:short)%00%(objectname)%00%(upstream:track)%00%(upstream:remotename)%00%(upstream:remoteref) refs/heads/main refs/remotes/main [2ms]
2023-08-25 12:47:59.668 [info] > git check-ignore -v -z --stdin [2ms]
2023-08-25 12:48:00.061 [info] > git status -z -uall [686ms]
2023-08-25 12:48:00.627 [info] > git config --local branch.main.github-pr-owner-number [2ms]
2023-08-25 12:48:00.657 [info] > git config --get commit.template [15ms]
2023-08-25 12:48:00.658 [info] > git for-each-ref --format=%(refname)%00%(upstream:short)%00%(objectname)%00%(upstream:track)%00%(upstream:remotename)%00%(upstream:remoteref) refs/heads/main refs/remotes/main [2ms]
2023-08-25 12:48:01.126 [info] > git status -z -uall [454ms]
2023-08-25 12:53:00.495 [info] > git config --local branch.main.github-pr-owner-number [2ms]
2023-08-25 12:53:00.523 [info] > git config --get commit.template [13ms]
2023-08-25 12:53:00.524 [info] > git for-each-ref --format=%(refname)%00%(upstream:short)%00%(objectname)%00%(upstream:track)%00%(upstream:remotename)%00%(upstream:remoteref) refs/heads/main refs/remotes/main [2ms]
2023-08-25 12:53:01.003 [info] > git status -z -uall [467ms]
2023-08-25 12:58:01.026 [info] > git config --local branch.main.github-pr-owner-number [2ms]
2023-08-25 12:58:01.048 [info] > git config --get commit.template [12ms]
2023-08-25 12:58:01.050 [info] > git for-each-ref --format=%(refname)%00%(upstream:short)%00%(objectname)%00%(upstream:track)%00%(upstream:remotename)%00%(upstream:remoteref) refs/heads/main refs/remotes/main [3ms]
2023-08-25 12:58:01.538 [info] > git status -z -uall [477ms]
2023-08-25 13:03:01.558 [info] > git config --local branch.main.github-pr-owner-number [2ms]
2023-08-25 13:03:01.579 [info] > git config --get commit.template [11ms]
2023-08-25 13:03:01.580 [info] > git for-each-ref --format=%(refname)%00%(upstream:short)%00%(objectname)%00%(upstream:track)%00%(upstream:remotename)%00%(upstream:remoteref) refs/heads/main refs/remotes/main [2ms]
2023-08-25 13:03:02.037 [info] > git status -z -uall [447ms]
2023-08-25 13:08:02.056 [info] > git config --local branch.main.github-pr-owner-number [1ms]
2023-08-25 13:08:02.082 [info] > git config --get commit.template [13ms]
2023-08-25 13:08:02.083 [info] > git for-each-ref --format=%(refname)%00%(upstream:short)%00%(objectname)%00%(upstream:track)%00%(upstream:remotename)%00%(upstream:remoteref) refs/heads/main refs/remotes/main [2ms]
2023-08-25 13:08:02.549 [info] > git status -z -uall [453ms]
2023-08-25 13:13:02.580 [info] > git config --local branch.main.github-pr-owner-number [8ms]
2023-08-25 13:13:02.618 [info] > git config --get commit.template [18ms]
2023-08-25 13:13:02.620 [info] > git for-each-ref --format=%(refname)%00%(upstream:short)%00%(objectname)%00%(upstream:track)%00%(upstream:remotename)%00%(upstream:remoteref) refs/heads/main refs/remotes/main [3ms]
2023-08-25 13:13:03.420 [info] > git status -z -uall [785ms]
