2023-08-28 11:06:25.404 [info] Log level: Info
2023-08-28 11:06:25.404 [info] Validating found git in: "git"
2023-08-28 11:06:25.404 [info] Using git "2.41.0" from "git"
2023-08-28 11:06:25.404 [info] > git rev-parse --show-toplevel [3ms]
2023-08-28 11:06:25.404 [info] > git rev-parse --git-dir --git-common-dir [10ms]
2023-08-28 11:06:25.404 [info] Open repository: /workspace/cherryvmp
2023-08-28 11:06:25.404 [info] > git config --get commit.template [10ms]
2023-08-28 11:06:25.404 [info] > git rev-parse --show-toplevel [12ms]
2023-08-28 11:06:25.404 [info] > git for-each-ref --format=%(refname)%00%(upstream:short)%00%(objectname)%00%(upstream:track)%00%(upstream:remotename)%00%(upstream:remoteref) refs/heads/main refs/remotes/main [2ms]
2023-08-28 11:06:25.404 [info] > git rev-parse --show-toplevel [2ms]
2023-08-28 11:06:25.415 [info] > git rev-parse --show-toplevel [2ms]
2023-08-28 11:06:25.425 [info] > git rev-parse --show-toplevel [1ms]
2023-08-28 11:06:25.436 [info] > git rev-parse --show-toplevel [2ms]
2023-08-28 11:06:25.448 [info] > git rev-parse --show-toplevel [1ms]
2023-08-28 11:06:25.875 [info] > git status -z -uall [484ms]
2023-08-28 11:06:25.911 [info] > git config --get commit.template [11ms]
2023-08-28 11:06:25.912 [info] > git for-each-ref --format=%(refname)%00%(upstream:short)%00%(objectname)%00%(upstream:track)%00%(upstream:remotename)%00%(upstream:remoteref) refs/heads/main refs/remotes/main [1ms]
2023-08-28 11:06:26.067 [info] > git check-ignore -v -z --stdin [2ms]
2023-08-28 11:06:26.411 [info] > git status -z -uall [491ms]
2023-08-28 11:06:28.670 [info] > git config --local branch.main.github-pr-owner-number [1ms]
2023-08-28 11:06:28.693 [info] > git config --get commit.template [12ms]
2023-08-28 11:06:28.694 [info] > git for-each-ref --format=%(refname)%00%(upstream:short)%00%(objectname)%00%(upstream:track)%00%(upstream:remotename)%00%(upstream:remoteref) refs/heads/main refs/remotes/main [2ms]
2023-08-28 11:06:29.189 [info] > git status -z -uall [485ms]
2023-08-28 11:06:46.212 [info] > git check-ignore -v -z --stdin [2ms]
2023-08-28 11:07:32.573 [info] > git config --get commit.template [11ms]
2023-08-28 11:07:32.574 [info] > git for-each-ref --format=%(refname)%00%(upstream:short)%00%(objectname)%00%(upstream:track)%00%(upstream:remotename)%00%(upstream:remoteref) refs/heads/main refs/remotes/main [2ms]
2023-08-28 11:07:33.052 [info] > git status -z -uall [466ms]
2023-08-28 11:07:40.817 [info] > git config --get commit.template [14ms]
2023-08-28 11:07:40.817 [info] > git for-each-ref --format=%(refname)%00%(upstream:short)%00%(objectname)%00%(upstream:track)%00%(upstream:remotename)%00%(upstream:remoteref) refs/heads/main refs/remotes/main [3ms]
2023-08-28 11:07:41.626 [info] > git status -z -uall [794ms]
2023-08-28 11:07:46.657 [info] > git config --get commit.template [10ms]
2023-08-28 11:07:46.658 [info] > git for-each-ref --format=%(refname)%00%(upstream:short)%00%(objectname)%00%(upstream:track)%00%(upstream:remotename)%00%(upstream:remoteref) refs/heads/main refs/remotes/main [2ms]
2023-08-28 11:07:47.141 [info] > git status -z -uall [474ms]
2023-08-28 11:07:52.173 [info] > git config --get commit.template [13ms]
2023-08-28 11:07:52.175 [info] > git for-each-ref --format=%(refname)%00%(upstream:short)%00%(objectname)%00%(upstream:track)%00%(upstream:remotename)%00%(upstream:remoteref) refs/heads/main refs/remotes/main [2ms]
2023-08-28 11:07:52.651 [info] > git status -z -uall [465ms]
2023-08-28 11:11:09.178 [info] > git check-ignore -v -z --stdin [3ms]
2023-08-28 11:11:09.288 [info] > git for-each-ref --format=%(refname)%00%(upstream:short)%00%(objectname)%00%(upstream:track)%00%(upstream:remotename)%00%(upstream:remoteref) refs/heads/main refs/remotes/main [5ms]
2023-08-28 11:11:09.288 [info] > git config --get commit.template [22ms]
2023-08-28 11:11:10.080 [info] > git status -z -uall [775ms]
2023-08-28 11:11:15.143 [info] > git config --get commit.template [20ms]
2023-08-28 11:11:15.145 [info] > git for-each-ref --format=%(refname)%00%(upstream:short)%00%(objectname)%00%(upstream:track)%00%(upstream:remotename)%00%(upstream:remoteref) refs/heads/main refs/remotes/main [4ms]
2023-08-28 11:11:17.049 [info] > git status -z -uall [1885ms]
2023-08-28 11:11:22.145 [info] > git config --get commit.template [61ms]
2023-08-28 11:11:22.146 [info] > git for-each-ref --format=%(refname)%00%(upstream:short)%00%(objectname)%00%(upstream:track)%00%(upstream:remotename)%00%(upstream:remoteref) refs/heads/main refs/remotes/main [2ms]
2023-08-28 11:11:23.243 [info] > git status -z -uall [1079ms]
2023-08-28 11:11:28.235 [info] > git config --local branch.main.github-pr-owner-number [2ms]
2023-08-28 11:11:28.272 [info] > git config --get commit.template [15ms]
2023-08-28 11:11:28.274 [info] > git for-each-ref --format=%(refname)%00%(upstream:short)%00%(objectname)%00%(upstream:track)%00%(upstream:remotename)%00%(upstream:remoteref) refs/heads/main refs/remotes/main [2ms]
2023-08-28 11:11:29.032 [info] > git status -z -uall [743ms]
2023-08-28 11:16:29.052 [info] > git config --local branch.main.github-pr-owner-number [2ms]
2023-08-28 11:16:29.080 [info] > git config --get commit.template [15ms]
2023-08-28 11:16:29.081 [info] > git for-each-ref --format=%(refname)%00%(upstream:short)%00%(objectname)%00%(upstream:track)%00%(upstream:remotename)%00%(upstream:remoteref) refs/heads/main refs/remotes/main [2ms]
2023-08-28 11:16:29.540 [info] > git status -z -uall [447ms]
2023-08-28 11:21:29.564 [info] > git config --local branch.main.github-pr-owner-number [5ms]
2023-08-28 11:21:29.588 [info] > git config --get commit.template [11ms]
2023-08-28 11:21:29.590 [info] > git for-each-ref --format=%(refname)%00%(upstream:short)%00%(objectname)%00%(upstream:track)%00%(upstream:remotename)%00%(upstream:remoteref) refs/heads/main refs/remotes/main [3ms]
2023-08-28 11:21:30.171 [info] > git status -z -uall [570ms]
2023-08-28 11:26:30.192 [info] > git config --local branch.main.github-pr-owner-number [2ms]
2023-08-28 11:26:30.215 [info] > git config --get commit.template [11ms]
2023-08-28 11:26:30.218 [info] > git for-each-ref --format=%(refname)%00%(upstream:short)%00%(objectname)%00%(upstream:track)%00%(upstream:remotename)%00%(upstream:remoteref) refs/heads/main refs/remotes/main [4ms]
2023-08-28 11:26:30.699 [info] > git status -z -uall [469ms]
2023-08-28 11:31:30.718 [info] > git config --local branch.main.github-pr-owner-number [2ms]
2023-08-28 11:31:30.739 [info] > git config --get commit.template [10ms]
2023-08-28 11:31:30.740 [info] > git for-each-ref --format=%(refname)%00%(upstream:short)%00%(objectname)%00%(upstream:track)%00%(upstream:remotename)%00%(upstream:remoteref) refs/heads/main refs/remotes/main [2ms]
2023-08-28 11:31:31.193 [info] > git status -z -uall [442ms]
2023-08-28 11:36:31.214 [info] > git config --local branch.main.github-pr-owner-number [1ms]
2023-08-28 11:36:31.233 [info] > git config --get commit.template [1ms]
2023-08-28 11:36:31.255 [info] > git for-each-ref --format=%(refname)%00%(upstream:short)%00%(objectname)%00%(upstream:track)%00%(upstream:remotename)%00%(upstream:remoteref) refs/heads/main refs/remotes/main [2ms]
2023-08-28 11:36:31.792 [info] > git status -z -uall [526ms]
2023-08-28 11:41:31.810 [info] > git config --local branch.main.github-pr-owner-number [1ms]
2023-08-28 11:41:31.833 [info] > git config --get commit.template [12ms]
2023-08-28 11:41:31.834 [info] > git for-each-ref --format=%(refname)%00%(upstream:short)%00%(objectname)%00%(upstream:track)%00%(upstream:remotename)%00%(upstream:remoteref) refs/heads/main refs/remotes/main [2ms]
2023-08-28 11:41:32.294 [info] > git status -z -uall [450ms]
