2023-08-25 11:08:13.721 [info] Log level: Info
2023-08-25 11:08:13.721 [info] Validating found git in: "git"
2023-08-25 11:08:13.721 [info] Using git "2.41.0" from "git"
2023-08-25 11:08:13.721 [info] > git rev-parse --show-toplevel [21ms]
2023-08-25 11:08:13.721 [info] > git rev-parse --git-dir --git-common-dir [2ms]
2023-08-25 11:08:13.721 [info] Open repository: /workspace/cherryvmp
2023-08-25 11:08:13.721 [info] > git config --get commit.template [13ms]
2023-08-25 11:08:13.721 [info] > git rev-parse --show-toplevel [6ms]
2023-08-25 11:08:13.721 [info] > git for-each-ref --format=%(refname)%00%(upstream:short)%00%(objectname)%00%(upstream:track)%00%(upstream:remotename)%00%(upstream:remoteref) refs/heads/main refs/remotes/main [5ms]
2023-08-25 11:08:13.721 [info] > git rev-parse --show-toplevel [2ms]
2023-08-25 11:08:13.721 [info] > git rev-parse --show-toplevel [2ms]
2023-08-25 11:08:13.721 [info] > git rev-parse --show-toplevel [2ms]
2023-08-25 11:08:13.721 [info] > git rev-parse --show-toplevel [2ms]
2023-08-25 11:08:13.721 [info] > git rev-parse --show-toplevel [1ms]
2023-08-25 11:08:14.131 [info] > git status -z -uall [493ms]
2023-08-25 11:08:14.459 [info] > git config --get commit.template [298ms]
2023-08-25 11:08:14.461 [info] > git check-ignore -v -z --stdin [20ms]
2023-08-25 11:08:14.462 [info] > git for-each-ref --format=%(refname)%00%(upstream:short)%00%(objectname)%00%(upstream:track)%00%(upstream:remotename)%00%(upstream:remoteref) refs/heads/main refs/remotes/main [5ms]
2023-08-25 11:08:15.039 [info] > git status -z -uall [565ms]
2023-08-25 11:08:15.621 [info] > git config --local branch.main.github-pr-owner-number [3ms]
2023-08-25 11:08:15.656 [info] > git config --get commit.template [20ms]
2023-08-25 11:08:15.657 [info] > git for-each-ref --format=%(refname)%00%(upstream:short)%00%(objectname)%00%(upstream:track)%00%(upstream:remotename)%00%(upstream:remoteref) refs/heads/main refs/remotes/main [3ms]
2023-08-25 11:08:16.211 [info] > git status -z -uall [541ms]
2023-08-25 11:08:18.292 [info] > git check-ignore -v -z --stdin [2ms]
2023-08-25 11:08:18.823 [info] > git config --get commit.template [15ms]
2023-08-25 11:08:18.824 [info] > git for-each-ref --format=%(refname)%00%(upstream:short)%00%(objectname)%00%(upstream:track)%00%(upstream:remotename)%00%(upstream:remoteref) refs/heads/main refs/remotes/main [2ms]
2023-08-25 11:08:19.101 [info] > git check-ignore -v -z --stdin [2ms]
2023-08-25 11:08:19.376 [info] > git status -z -uall [536ms]
2023-08-25 11:08:53.061 [info] > git config --get commit.template [19ms]
2023-08-25 11:08:53.062 [info] > git for-each-ref --format=%(refname)%00%(upstream:short)%00%(objectname)%00%(upstream:track)%00%(upstream:remotename)%00%(upstream:remoteref) refs/heads/main refs/remotes/main [3ms]
2023-08-25 11:08:53.608 [info] > git status -z -uall [532ms]
2023-08-25 11:09:05.877 [info] > git config --get commit.template [15ms]
2023-08-25 11:09:05.878 [info] > git for-each-ref --format=%(refname)%00%(upstream:short)%00%(objectname)%00%(upstream:track)%00%(upstream:remotename)%00%(upstream:remoteref) refs/heads/main refs/remotes/main [2ms]
2023-08-25 11:09:06.646 [info] > git status -z -uall [754ms]
2023-08-25 11:09:11.677 [info] > git config --get commit.template [11ms]
2023-08-25 11:09:11.678 [info] > git for-each-ref --format=%(refname)%00%(upstream:short)%00%(objectname)%00%(upstream:track)%00%(upstream:remotename)%00%(upstream:remoteref) refs/heads/main refs/remotes/main [2ms]
2023-08-25 11:09:12.251 [info] > git status -z -uall [564ms]
2023-08-25 11:09:17.286 [info] > git config --get commit.template [14ms]
2023-08-25 11:09:17.287 [info] > git for-each-ref --format=%(refname)%00%(upstream:short)%00%(objectname)%00%(upstream:track)%00%(upstream:remotename)%00%(upstream:remoteref) refs/heads/main refs/remotes/main [2ms]
2023-08-25 11:09:17.815 [info] > git status -z -uall [516ms]
2023-08-25 11:09:32.654 [info] > git config --get commit.template [16ms]
2023-08-25 11:09:32.655 [info] > git for-each-ref --format=%(refname)%00%(upstream:short)%00%(objectname)%00%(upstream:track)%00%(upstream:remotename)%00%(upstream:remoteref) refs/heads/main refs/remotes/main [3ms]
2023-08-25 11:09:33.217 [info] > git status -z -uall [550ms]
2023-08-25 11:09:38.252 [info] > git config --get commit.template [14ms]
2023-08-25 11:09:38.253 [info] > git for-each-ref --format=%(refname)%00%(upstream:short)%00%(objectname)%00%(upstream:track)%00%(upstream:remotename)%00%(upstream:remoteref) refs/heads/main refs/remotes/main [3ms]
2023-08-25 11:09:38.797 [info] > git status -z -uall [531ms]
2023-08-25 11:13:15.446 [info] > git config --local branch.main.github-pr-owner-number [1ms]
2023-08-25 11:13:15.467 [info] > git config --get commit.template [10ms]
2023-08-25 11:13:15.468 [info] > git for-each-ref --format=%(refname)%00%(upstream:short)%00%(objectname)%00%(upstream:track)%00%(upstream:remotename)%00%(upstream:remoteref) refs/heads/main refs/remotes/main [2ms]
2023-08-25 11:13:15.930 [info] > git status -z -uall [452ms]
2023-08-25 11:18:15.950 [info] > git config --local branch.main.github-pr-owner-number [1ms]
2023-08-25 11:18:15.974 [info] > git config --get commit.template [12ms]
2023-08-25 11:18:15.975 [info] > git for-each-ref --format=%(refname)%00%(upstream:short)%00%(objectname)%00%(upstream:track)%00%(upstream:remotename)%00%(upstream:remoteref) refs/heads/main refs/remotes/main [1ms]
2023-08-25 11:18:16.426 [info] > git status -z -uall [437ms]
2023-08-25 11:23:16.448 [info] > git config --local branch.main.github-pr-owner-number [2ms]
2023-08-25 11:23:16.476 [info] > git config --get commit.template [14ms]
2023-08-25 11:23:16.477 [info] > git for-each-ref --format=%(refname)%00%(upstream:short)%00%(objectname)%00%(upstream:track)%00%(upstream:remotename)%00%(upstream:remoteref) refs/heads/main refs/remotes/main [2ms]
2023-08-25 11:23:17.065 [info] > git status -z -uall [573ms]
2023-08-25 11:28:17.093 [info] > git config --local branch.main.github-pr-owner-number [2ms]
2023-08-25 11:28:17.127 [info] > git config --get commit.template [15ms]
2023-08-25 11:28:17.128 [info] > git for-each-ref --format=%(refname)%00%(upstream:short)%00%(objectname)%00%(upstream:track)%00%(upstream:remotename)%00%(upstream:remoteref) refs/heads/main refs/remotes/main [2ms]
2023-08-25 11:28:17.678 [info] > git status -z -uall [537ms]
2023-08-25 11:33:17.700 [info] > git config --local branch.main.github-pr-owner-number [2ms]
2023-08-25 11:33:17.725 [info] > git config --get commit.template [12ms]
2023-08-25 11:33:17.726 [info] > git for-each-ref --format=%(refname)%00%(upstream:short)%00%(objectname)%00%(upstream:track)%00%(upstream:remotename)%00%(upstream:remoteref) refs/heads/main refs/remotes/main [2ms]
2023-08-25 11:33:18.210 [info] > git status -z -uall [471ms]
2023-08-25 11:38:18.233 [info] > git config --local branch.main.github-pr-owner-number [1ms]
2023-08-25 11:38:18.259 [info] > git config --get commit.template [12ms]
2023-08-25 11:38:18.261 [info] > git for-each-ref --format=%(refname)%00%(upstream:short)%00%(objectname)%00%(upstream:track)%00%(upstream:remotename)%00%(upstream:remoteref) refs/heads/main refs/remotes/main [1ms]
2023-08-25 11:38:18.754 [info] > git status -z -uall [483ms]
