2023-08-25 13:46:42.967 [info] Log level: Info
2023-08-25 13:46:42.967 [info] Validating found git in: "git"
2023-08-25 13:46:42.967 [info] Using git "2.41.0" from "git"
2023-08-25 13:46:42.967 [info] > git rev-parse --show-toplevel [2ms]
2023-08-25 13:46:42.967 [info] > git rev-parse --git-dir --git-common-dir [2ms]
2023-08-25 13:46:42.967 [info] Open repository: /workspace/cherryvmp
2023-08-25 13:46:42.968 [info] > git config --get commit.template [13ms]
2023-08-25 13:46:42.968 [info] > git rev-parse --show-toplevel [14ms]
2023-08-25 13:46:42.968 [info] > git for-each-ref --format=%(refname)%00%(upstream:short)%00%(objectname)%00%(upstream:track)%00%(upstream:remotename)%00%(upstream:remoteref) refs/heads/main refs/remotes/main [3ms]
2023-08-25 13:46:42.968 [info] > git rev-parse --show-toplevel [2ms]
2023-08-25 13:46:42.968 [info] > git rev-parse --show-toplevel [3ms]
2023-08-25 13:46:42.984 [info] > git rev-parse --show-toplevel [1ms]
2023-08-25 13:46:42.999 [info] > git rev-parse --show-toplevel [2ms]
2023-08-25 13:46:43.014 [info] > git rev-parse --show-toplevel [1ms]
2023-08-25 13:46:43.338 [info] > git status -z -uall [576ms]
2023-08-25 13:46:43.382 [info] > git config --get commit.template [13ms]
2023-08-25 13:46:43.383 [info] > git for-each-ref --format=%(refname)%00%(upstream:short)%00%(objectname)%00%(upstream:track)%00%(upstream:remotename)%00%(upstream:remoteref) refs/heads/main refs/remotes/main [2ms]
2023-08-25 13:46:43.526 [info] > git check-ignore -v -z --stdin [3ms]
2023-08-25 13:46:44.068 [info] > git status -z -uall [674ms]
2023-08-25 13:46:44.272 [info] > git config --local branch.main.github-pr-owner-number [1ms]
2023-08-25 13:46:44.313 [info] > git config --get commit.template [20ms]
2023-08-25 13:46:44.314 [info] > git for-each-ref --format=%(refname)%00%(upstream:short)%00%(objectname)%00%(upstream:track)%00%(upstream:remotename)%00%(upstream:remoteref) refs/heads/main refs/remotes/main [3ms]
2023-08-25 13:46:44.878 [info] > git status -z -uall [548ms]
2023-08-25 13:46:59.490 [info] > git config --get commit.template [64ms]
2023-08-25 13:46:59.491 [info] > git for-each-ref --format=%(refname)%00%(upstream:short)%00%(objectname)%00%(upstream:track)%00%(upstream:remotename)%00%(upstream:remoteref) refs/heads/main refs/remotes/main [4ms]
2023-08-25 13:47:00.125 [info] > git status -z -uall [621ms]
2023-08-25 13:47:05.162 [info] > git config --get commit.template [14ms]
2023-08-25 13:47:05.163 [info] > git for-each-ref --format=%(refname)%00%(upstream:short)%00%(objectname)%00%(upstream:track)%00%(upstream:remotename)%00%(upstream:remoteref) refs/heads/main refs/remotes/main [1ms]
2023-08-25 13:47:05.679 [info] > git status -z -uall [503ms]
2023-08-25 13:47:11.623 [info] > git for-each-ref --format=%(refname)%00%(upstream:short)%00%(objectname)%00%(upstream:track)%00%(upstream:remotename)%00%(upstream:remoteref) refs/heads/main refs/remotes/main [3ms]
2023-08-25 13:47:11.623 [info] > git config --get commit.template [19ms]
2023-08-25 13:47:12.782 [info] > git status -z -uall [1143ms]
2023-08-25 13:51:44.146 [info] > git config --local branch.main.github-pr-owner-number [3ms]
2023-08-25 13:51:44.176 [info] > git config --get commit.template [16ms]
2023-08-25 13:51:44.177 [info] > git for-each-ref --format=%(refname)%00%(upstream:short)%00%(objectname)%00%(upstream:track)%00%(upstream:remotename)%00%(upstream:remoteref) refs/heads/main refs/remotes/main [2ms]
2023-08-25 13:51:44.783 [info] > git status -z -uall [593ms]
2023-08-25 13:56:44.813 [info] > git config --local branch.main.github-pr-owner-number [2ms]
2023-08-25 13:56:44.843 [info] > git config --get commit.template [13ms]
2023-08-25 13:56:44.844 [info] > git for-each-ref --format=%(refname)%00%(upstream:short)%00%(objectname)%00%(upstream:track)%00%(upstream:remotename)%00%(upstream:remoteref) refs/heads/main refs/remotes/main [2ms]
2023-08-25 13:56:45.498 [info] > git status -z -uall [639ms]
2023-08-25 14:01:21.717 [info] > git config --get commit.template [12ms]
2023-08-25 14:01:21.718 [info] > git for-each-ref --format=%(refname)%00%(upstream:short)%00%(objectname)%00%(upstream:track)%00%(upstream:remotename)%00%(upstream:remoteref) refs/heads/main refs/remotes/main [3ms]
2023-08-25 14:01:22.184 [info] > git status -z -uall [454ms]
2023-08-25 14:01:45.521 [info] > git config --local branch.main.github-pr-owner-number [1ms]
2023-08-25 14:01:45.552 [info] > git config --get commit.template [16ms]
2023-08-25 14:01:45.553 [info] > git for-each-ref --format=%(refname)%00%(upstream:short)%00%(objectname)%00%(upstream:track)%00%(upstream:remotename)%00%(upstream:remoteref) refs/heads/main refs/remotes/main [2ms]
2023-08-25 14:01:46.046 [info] > git status -z -uall [478ms]
2023-08-25 14:06:46.066 [info] > git config --local branch.main.github-pr-owner-number [2ms]
2023-08-25 14:06:46.097 [info] > git config --get commit.template [17ms]
2023-08-25 14:06:46.098 [info] > git for-each-ref --format=%(refname)%00%(upstream:short)%00%(objectname)%00%(upstream:track)%00%(upstream:remotename)%00%(upstream:remoteref) refs/heads/main refs/remotes/main [3ms]
2023-08-25 14:06:46.665 [info] > git status -z -uall [553ms]
2023-08-25 14:11:46.690 [info] > git config --local branch.main.github-pr-owner-number [3ms]
2023-08-25 14:11:46.727 [info] > git config --get commit.template [18ms]
2023-08-25 14:11:46.729 [info] > git for-each-ref --format=%(refname)%00%(upstream:short)%00%(objectname)%00%(upstream:track)%00%(upstream:remotename)%00%(upstream:remoteref) refs/heads/main refs/remotes/main [3ms]
2023-08-25 14:11:47.459 [info] > git status -z -uall [714ms]
2023-08-25 14:16:47.486 [info] > git config --local branch.main.github-pr-owner-number [0ms]
2023-08-25 14:16:47.518 [info] > git config --get commit.template [15ms]
2023-08-25 14:16:47.520 [info] > git for-each-ref --format=%(refname)%00%(upstream:short)%00%(objectname)%00%(upstream:track)%00%(upstream:remotename)%00%(upstream:remoteref) refs/heads/main refs/remotes/main [2ms]
2023-08-25 14:16:48.091 [info] > git status -z -uall [559ms]
