2023-08-25 16:16:02.746 [info] Log level: Info
2023-08-25 16:16:02.746 [info] Validating found git in: "git"
2023-08-25 16:16:02.746 [info] Using git "2.41.0" from "git"
2023-08-25 16:16:02.746 [info] > git rev-parse --show-toplevel [2ms]
2023-08-25 16:16:02.746 [info] > git rev-parse --git-dir --git-common-dir [1ms]
2023-08-25 16:16:02.746 [info] Open repository: /workspace/cherryvmp
2023-08-25 16:16:02.746 [info] > git config --get commit.template [11ms]
2023-08-25 16:16:02.746 [info] > git rev-parse --show-toplevel [12ms]
2023-08-25 16:16:02.746 [info] > git for-each-ref --format=%(refname)%00%(upstream:short)%00%(objectname)%00%(upstream:track)%00%(upstream:remotename)%00%(upstream:remoteref) refs/heads/main refs/remotes/main [3ms]
2023-08-25 16:16:02.746 [info] > git rev-parse --show-toplevel [3ms]
2023-08-25 16:16:02.746 [info] > git rev-parse --show-toplevel [3ms]
2023-08-25 16:16:02.924 [info] > git rev-parse --show-toplevel [168ms]
2023-08-25 16:16:02.942 [info] > git rev-parse --show-toplevel [1ms]
2023-08-25 16:16:02.958 [info] > git rev-parse --show-toplevel [3ms]
2023-08-25 16:16:03.416 [info] > git status -z -uall [698ms]
2023-08-25 16:16:03.470 [info] > git check-ignore -v -z --stdin [14ms]
2023-08-25 16:16:03.472 [info] > git config --get commit.template [3ms]
2023-08-25 16:16:03.486 [info] > git for-each-ref --format=%(refname)%00%(upstream:short)%00%(objectname)%00%(upstream:track)%00%(upstream:remotename)%00%(upstream:remoteref) refs/heads/main refs/remotes/main [2ms]
2023-08-25 16:16:04.061 [info] > git status -z -uall [562ms]
2023-08-25 16:16:04.254 [info] > git config --local branch.main.github-pr-owner-number [2ms]
2023-08-25 16:16:04.288 [info] > git config --get commit.template [16ms]
2023-08-25 16:16:04.291 [info] > git for-each-ref --format=%(refname)%00%(upstream:short)%00%(objectname)%00%(upstream:track)%00%(upstream:remotename)%00%(upstream:remoteref) refs/heads/main refs/remotes/main [5ms]
2023-08-25 16:16:04.877 [info] > git status -z -uall [572ms]
2023-08-25 16:16:28.061 [info] > git config --get commit.template [13ms]
2023-08-25 16:16:28.062 [info] > git for-each-ref --format=%(refname)%00%(upstream:short)%00%(objectname)%00%(upstream:track)%00%(upstream:remotename)%00%(upstream:remoteref) refs/heads/main refs/remotes/main [2ms]
2023-08-25 16:16:28.517 [info] > git status -z -uall [444ms]
2023-08-25 16:16:36.550 [info] > git config --get commit.template [12ms]
2023-08-25 16:16:36.550 [info] > git for-each-ref --format=%(refname)%00%(upstream:short)%00%(objectname)%00%(upstream:track)%00%(upstream:remotename)%00%(upstream:remoteref) refs/heads/main refs/remotes/main [2ms]
2023-08-25 16:16:37.517 [info] > git status -z -uall [957ms]
2023-08-25 16:21:04.073 [info] > git config --local branch.main.github-pr-owner-number [2ms]
2023-08-25 16:21:04.094 [info] > git config --get commit.template [10ms]
2023-08-25 16:21:04.095 [info] > git for-each-ref --format=%(refname)%00%(upstream:short)%00%(objectname)%00%(upstream:track)%00%(upstream:remotename)%00%(upstream:remoteref) refs/heads/main refs/remotes/main [2ms]
2023-08-25 16:21:04.554 [info] > git status -z -uall [449ms]
2023-08-25 16:26:04.579 [info] > git config --local branch.main.github-pr-owner-number [1ms]
2023-08-25 16:26:04.604 [info] > git config --get commit.template [13ms]
2023-08-25 16:26:04.627 [info] > git for-each-ref --format=%(refname)%00%(upstream:short)%00%(objectname)%00%(upstream:track)%00%(upstream:remotename)%00%(upstream:remoteref) refs/heads/main refs/remotes/main [23ms]
2023-08-25 16:26:05.117 [info] > git status -z -uall [479ms]
2023-08-25 16:31:05.155 [info] > git config --local branch.main.github-pr-owner-number [14ms]
2023-08-25 16:31:05.180 [info] > git config --get commit.template [12ms]
2023-08-25 16:31:05.181 [info] > git for-each-ref --format=%(refname)%00%(upstream:short)%00%(objectname)%00%(upstream:track)%00%(upstream:remotename)%00%(upstream:remoteref) refs/heads/main refs/remotes/main [2ms]
2023-08-25 16:31:05.677 [info] > git status -z -uall [486ms]
2023-08-25 16:36:05.700 [info] > git config --local branch.main.github-pr-owner-number [2ms]
2023-08-25 16:36:05.726 [info] > git config --get commit.template [13ms]
2023-08-25 16:36:05.728 [info] > git for-each-ref --format=%(refname)%00%(upstream:short)%00%(objectname)%00%(upstream:track)%00%(upstream:remotename)%00%(upstream:remoteref) refs/heads/main refs/remotes/main [3ms]
2023-08-25 16:36:06.194 [info] > git status -z -uall [453ms]
2023-08-25 16:41:06.221 [info] > git config --local branch.main.github-pr-owner-number [1ms]
2023-08-25 16:41:06.251 [info] > git config --get commit.template [14ms]
2023-08-25 16:41:06.253 [info] > git for-each-ref --format=%(refname)%00%(upstream:short)%00%(objectname)%00%(upstream:track)%00%(upstream:remotename)%00%(upstream:remoteref) refs/heads/main refs/remotes/main [3ms]
2023-08-25 16:41:06.883 [info] > git status -z -uall [618ms]
2023-08-25 16:46:06.905 [info] > git config --local branch.main.github-pr-owner-number [2ms]
2023-08-25 16:46:06.939 [info] > git config --get commit.template [21ms]
2023-08-25 16:46:06.940 [info] > git for-each-ref --format=%(refname)%00%(upstream:short)%00%(objectname)%00%(upstream:track)%00%(upstream:remotename)%00%(upstream:remoteref) refs/heads/main refs/remotes/main [2ms]
2023-08-25 16:46:07.482 [info] > git status -z -uall [524ms]
