2023-08-25 15:41:55.391 [info] Extension host with pid 307 started
2023-08-25 15:41:55.394 [error] Error: EEXIST: file already exists, open '/workspace/.vscode-remote/data/User/workspaceStorage/5f9a2fd1/vscode.lock'
2023-08-25 15:41:55.404 [info] Lock '/workspace/.vscode-remote/data/User/workspaceStorage/5f9a2fd1/vscode.lock': Could not acquire lock, checking if the file is stale.
2023-08-25 15:41:55.405 [info] Lock '/workspace/.vscode-remote/data/User/workspaceStorage/5f9a2fd1/vscode.lock': The lock does not look stale, elapsed: 24405 ms, giving up.
2023-08-25 15:41:55.406 [error] Error: EEXIST: file already exists, open '/workspace/.vscode-remote/data/User/workspaceStorage/5f9a2fd1-1/vscode.lock'
2023-08-25 15:41:55.406 [info] Lock '/workspace/.vscode-remote/data/User/workspaceStorage/5f9a2fd1-1/vscode.lock': Could not acquire lock, checking if the file is stale.
2023-08-25 15:41:55.407 [info] Lock '/workspace/.vscode-remote/data/User/workspaceStorage/5f9a2fd1-1/vscode.lock': The pid 306 appears to be gone.
2023-08-25 15:41:55.407 [info] Lock '/workspace/.vscode-remote/data/User/workspaceStorage/5f9a2fd1-1/vscode.lock': Deleting a stale lock.
2023-08-25 15:41:55.418 [info] Lock '/workspace/.vscode-remote/data/User/workspaceStorage/5f9a2fd1-1/vscode.lock': Lock acquired.
2023-08-25 15:41:55.596 [info] ExtensionService#_doActivateExtension gitpod.gitpod-web, startup: false, activationEvent: 'onAuthenticationRequest:gitpod'
2023-08-25 15:41:56.263 [info] ExtensionService#_doActivateExtension vscode.git-base, startup: true, activationEvent: '*', root cause: vscode.git
2023-08-25 15:41:56.340 [info] ExtensionService#_doActivateExtension vscode.git, startup: true, activationEvent: '*'
2023-08-25 15:41:56.340 [info] ExtensionService#_doActivateExtension vscode.github, startup: true, activationEvent: '*'
2023-08-25 15:41:56.744 [info] Eager extensions activated
2023-08-25 15:41:56.744 [info] ExtensionService#_doActivateExtension vscode.debug-auto-launch, startup: false, activationEvent: 'onStartupFinished'
2023-08-25 15:41:56.744 [info] ExtensionService#_doActivateExtension vscode.merge-conflict, startup: false, activationEvent: 'onStartupFinished'
2023-08-25 15:41:56.745 [info] ExtensionService#_doActivateExtension vscode.github-authentication, startup: false, activationEvent: 'onStartupFinished', root cause: GitHub.vscode-pull-request-github
2023-08-25 15:41:56.948 [info] ExtensionService#_doActivateExtension GitHub.vscode-pull-request-github, startup: false, activationEvent: 'onStartupFinished'
2023-08-25 15:41:57.522 [warning] [Decorations] CAPPING events from decorations provider vscode.git 262
2023-08-25 15:41:57.588 [info] ExtensionService#_doActivateExtension vscode.json-language-features, startup: false, activationEvent: 'onLanguage:jsonc'
2023-08-25 15:41:57.589 [info] ExtensionService#_doActivateExtension vscode.typescript-language-features, startup: false, activationEvent: 'onLanguage:jsonc'
2023-08-25 15:41:57.589 [info] ExtensionService#_doActivateExtension vscode.emmet, startup: false, activationEvent: 'onLanguage'
2023-08-25 15:41:58.121 [warning] [Decorations] CAPPING events from decorations provider vscode.git 262
2023-08-25 15:41:58.859 [warning] [Decorations] CAPPING events from decorations provider vscode.git 262
2023-08-25 15:42:16.384 [warning] [Decorations] CAPPING events from decorations provider vscode.git 264
2023-08-25 15:42:31.337 [warning] [Decorations] CAPPING events from decorations provider vscode.git 265
2023-08-25 15:42:36.841 [warning] [Decorations] CAPPING events from decorations provider vscode.git 266
2023-08-25 15:46:58.729 [warning] [Decorations] CAPPING events from decorations provider vscode.git 266
2023-08-25 15:51:59.339 [warning] [Decorations] CAPPING events from decorations provider vscode.git 267
2023-08-25 15:57:00.068 [warning] [Decorations] CAPPING events from decorations provider vscode.git 267
2023-08-25 16:02:00.661 [warning] [Decorations] CAPPING events from decorations provider vscode.git 267
2023-08-25 16:07:01.195 [warning] [Decorations] CAPPING events from decorations provider vscode.git 267
2023-08-25 16:12:01.833 [warning] [Decorations] CAPPING events from decorations provider vscode.git 267
