2023-08-25 14:18:12.686 [info] Log level: Info
2023-08-25 14:18:12.686 [info] Validating found git in: "git"
2023-08-25 14:18:12.686 [info] Using git "2.41.0" from "git"
2023-08-25 14:18:12.686 [info] > git rev-parse --show-toplevel [2ms]
2023-08-25 14:18:12.686 [info] > git rev-parse --git-dir --git-common-dir [2ms]
2023-08-25 14:18:12.686 [info] Open repository: /workspace/cherryvmp
2023-08-25 14:18:12.686 [info] > git config --get commit.template [14ms]
2023-08-25 14:18:12.686 [info] > git rev-parse --show-toplevel [16ms]
2023-08-25 14:18:12.686 [info] > git for-each-ref --format=%(refname)%00%(upstream:short)%00%(objectname)%00%(upstream:track)%00%(upstream:remotename)%00%(upstream:remoteref) refs/heads/main refs/remotes/main [2ms]
2023-08-25 14:18:12.686 [info] > git rev-parse --show-toplevel [3ms]
2023-08-25 14:18:12.826 [info] > git rev-parse --show-toplevel [13ms]
2023-08-25 14:18:12.842 [info] > git rev-parse --show-toplevel [2ms]
2023-08-25 14:18:12.859 [info] > git rev-parse --show-toplevel [3ms]
2023-08-25 14:18:12.873 [info] > git rev-parse --show-toplevel [2ms]
2023-08-25 14:18:13.187 [info] > git status -z -uall [516ms]
2023-08-25 14:18:13.234 [info] > git config --get commit.template [14ms]
2023-08-25 14:18:13.234 [info] > git for-each-ref --format=%(refname)%00%(upstream:short)%00%(objectname)%00%(upstream:track)%00%(upstream:remotename)%00%(upstream:remoteref) refs/heads/main refs/remotes/main [2ms]
2023-08-25 14:18:13.377 [info] > git check-ignore -v -z --stdin [3ms]
2023-08-25 14:18:13.806 [info] > git status -z -uall [560ms]
2023-08-25 14:18:14.146 [info] > git config --local branch.main.github-pr-owner-number [3ms]
2023-08-25 14:18:14.191 [info] > git config --get commit.template [24ms]
2023-08-25 14:18:14.193 [info] > git for-each-ref --format=%(refname)%00%(upstream:short)%00%(objectname)%00%(upstream:track)%00%(upstream:remotename)%00%(upstream:remoteref) refs/heads/main refs/remotes/main [4ms]
2023-08-25 14:18:14.960 [info] > git status -z -uall [749ms]
2023-08-25 14:18:23.536 [info] > git config --get commit.template [13ms]
2023-08-25 14:18:23.537 [info] > git for-each-ref --format=%(refname)%00%(upstream:short)%00%(objectname)%00%(upstream:track)%00%(upstream:remotename)%00%(upstream:remoteref) refs/heads/main refs/remotes/main [2ms]
2023-08-25 14:18:24.003 [info] > git status -z -uall [454ms]
2023-08-25 14:18:31.174 [info] > git config --get commit.template [13ms]
2023-08-25 14:18:31.175 [info] > git for-each-ref --format=%(refname)%00%(upstream:short)%00%(objectname)%00%(upstream:track)%00%(upstream:remotename)%00%(upstream:remoteref) refs/heads/main refs/remotes/main [2ms]
2023-08-25 14:18:31.654 [info] > git status -z -uall [468ms]
2023-08-25 14:18:36.711 [info] > git config --get commit.template [40ms]
2023-08-25 14:18:36.712 [info] > git for-each-ref --format=%(refname)%00%(upstream:short)%00%(objectname)%00%(upstream:track)%00%(upstream:remotename)%00%(upstream:remoteref) refs/heads/main refs/remotes/main [2ms]
2023-08-25 14:18:37.175 [info] > git status -z -uall [453ms]
2023-08-25 14:18:42.206 [info] > git config --get commit.template [12ms]
2023-08-25 14:18:42.207 [info] > git for-each-ref --format=%(refname)%00%(upstream:short)%00%(objectname)%00%(upstream:track)%00%(upstream:remotename)%00%(upstream:remoteref) refs/heads/main refs/remotes/main [2ms]
2023-08-25 14:18:42.670 [info] > git status -z -uall [452ms]
2023-08-25 14:18:47.709 [info] > git config --get commit.template [13ms]
2023-08-25 14:18:47.712 [info] > git for-each-ref --format=%(refname)%00%(upstream:short)%00%(objectname)%00%(upstream:track)%00%(upstream:remotename)%00%(upstream:remoteref) refs/heads/main refs/remotes/main [5ms]
2023-08-25 14:18:49.508 [info] > git status -z -uall [1784ms]
2023-08-25 14:23:14.020 [info] > git config --local branch.main.github-pr-owner-number [5ms]
2023-08-25 14:23:14.051 [info] > git config --get commit.template [12ms]
2023-08-25 14:23:14.052 [info] > git for-each-ref --format=%(refname)%00%(upstream:short)%00%(objectname)%00%(upstream:track)%00%(upstream:remotename)%00%(upstream:remoteref) refs/heads/main refs/remotes/main [2ms]
2023-08-25 14:23:14.581 [info] > git status -z -uall [518ms]
2023-08-25 14:28:14.607 [info] > git config --local branch.main.github-pr-owner-number [3ms]
2023-08-25 14:28:14.636 [info] > git config --get commit.template [16ms]
2023-08-25 14:28:14.638 [info] > git for-each-ref --format=%(refname)%00%(upstream:short)%00%(objectname)%00%(upstream:track)%00%(upstream:remotename)%00%(upstream:remoteref) refs/heads/main refs/remotes/main [3ms]
2023-08-25 14:28:15.240 [info] > git status -z -uall [588ms]
2023-08-25 14:33:15.264 [info] > git config --local branch.main.github-pr-owner-number [2ms]
2023-08-25 14:33:15.290 [info] > git config --get commit.template [14ms]
2023-08-25 14:33:15.291 [info] > git for-each-ref --format=%(refname)%00%(upstream:short)%00%(objectname)%00%(upstream:track)%00%(upstream:remotename)%00%(upstream:remoteref) refs/heads/main refs/remotes/main [2ms]
2023-08-25 14:33:15.821 [info] > git status -z -uall [518ms]
2023-08-25 14:37:18.478 [info] > git config --get commit.template [12ms]
2023-08-25 14:37:18.478 [info] > git for-each-ref --format=%(refname)%00%(upstream:short)%00%(objectname)%00%(upstream:track)%00%(upstream:remotename)%00%(upstream:remoteref) refs/heads/main refs/remotes/main [2ms]
2023-08-25 14:37:18.987 [info] > git status -z -uall [497ms]
2023-08-25 14:37:24.031 [info] > git config --get commit.template [17ms]
2023-08-25 14:37:24.032 [info] > git for-each-ref --format=%(refname)%00%(upstream:short)%00%(objectname)%00%(upstream:track)%00%(upstream:remotename)%00%(upstream:remoteref) refs/heads/main refs/remotes/main [2ms]
2023-08-25 14:37:24.560 [info] > git status -z -uall [515ms]
2023-08-25 14:37:29.589 [info] > git config --get commit.template [10ms]
2023-08-25 14:37:29.590 [info] > git for-each-ref --format=%(refname)%00%(upstream:short)%00%(objectname)%00%(upstream:track)%00%(upstream:remotename)%00%(upstream:remoteref) refs/heads/main refs/remotes/main [2ms]
2023-08-25 14:37:30.063 [info] > git status -z -uall [464ms]
2023-08-25 14:38:15.843 [info] > git config --local branch.main.github-pr-owner-number [2ms]
2023-08-25 14:38:15.869 [info] > git config --get commit.template [12ms]
2023-08-25 14:38:15.870 [info] > git for-each-ref --format=%(refname)%00%(upstream:short)%00%(objectname)%00%(upstream:track)%00%(upstream:remotename)%00%(upstream:remoteref) refs/heads/main refs/remotes/main [2ms]
2023-08-25 14:38:16.386 [info] > git status -z -uall [503ms]
2023-08-25 14:43:16.408 [info] > git config --local branch.main.github-pr-owner-number [1ms]
2023-08-25 14:43:16.435 [info] > git config --get commit.template [14ms]
2023-08-25 14:43:16.437 [info] > git for-each-ref --format=%(refname)%00%(upstream:short)%00%(objectname)%00%(upstream:track)%00%(upstream:remotename)%00%(upstream:remoteref) refs/heads/main refs/remotes/main [2ms]
2023-08-25 14:43:16.974 [info] > git status -z -uall [524ms]
2023-08-25 14:48:17.003 [info] > git config --local branch.main.github-pr-owner-number [4ms]
2023-08-25 14:48:17.031 [info] > git config --get commit.template [14ms]
2023-08-25 14:48:17.033 [info] > git for-each-ref --format=%(refname)%00%(upstream:short)%00%(objectname)%00%(upstream:track)%00%(upstream:remotename)%00%(upstream:remoteref) refs/heads/main refs/remotes/main [3ms]
2023-08-25 14:48:17.594 [info] > git status -z -uall [548ms]
2023-08-25 14:53:17.622 [info] > git config --local branch.main.github-pr-owner-number [2ms]
2023-08-25 14:53:17.651 [info] > git config --get commit.template [13ms]
2023-08-25 14:53:17.653 [info] > git for-each-ref --format=%(refname)%00%(upstream:short)%00%(objectname)%00%(upstream:track)%00%(upstream:remotename)%00%(upstream:remoteref) refs/heads/main refs/remotes/main [2ms]
2023-08-25 14:53:18.328 [info] > git status -z -uall [660ms]
2023-08-25 14:58:18.357 [info] > git config --local branch.main.github-pr-owner-number [3ms]
2023-08-25 14:58:18.394 [info] > git config --get commit.template [17ms]
2023-08-25 14:58:18.397 [info] > git for-each-ref --format=%(refname)%00%(upstream:short)%00%(objectname)%00%(upstream:track)%00%(upstream:remotename)%00%(upstream:remoteref) refs/heads/main refs/remotes/main [3ms]
2023-08-25 14:58:19.280 [info] > git status -z -uall [863ms]
2023-08-25 15:03:19.306 [info] > git config --local branch.main.github-pr-owner-number [4ms]
2023-08-25 15:03:19.328 [info] > git config --get commit.template [11ms]
2023-08-25 15:03:19.330 [info] > git for-each-ref --format=%(refname)%00%(upstream:short)%00%(objectname)%00%(upstream:track)%00%(upstream:remotename)%00%(upstream:remoteref) refs/heads/main refs/remotes/main [3ms]
2023-08-25 15:03:19.871 [info] > git status -z -uall [530ms]
