2023-08-25 13:46:41.271 [info] Extension host with pid 308 started
2023-08-25 13:46:41.275 [error] Error: EEXIST: file already exists, open '/workspace/.vscode-remote/data/User/workspaceStorage/5f9a2fd1/vscode.lock'
2023-08-25 13:46:41.283 [info] Lock '/workspace/.vscode-remote/data/User/workspaceStorage/5f9a2fd1/vscode.lock': Could not acquire lock, checking if the file is stale.
2023-08-25 13:46:41.284 [info] Lock '/workspace/.vscode-remote/data/User/workspaceStorage/5f9a2fd1/vscode.lock': The pid 9422 appears to be gone.
2023-08-25 13:46:41.284 [info] Lock '/workspace/.vscode-remote/data/User/workspaceStorage/5f9a2fd1/vscode.lock': Deleting a stale lock.
2023-08-25 13:46:41.294 [info] Lock '/workspace/.vscode-remote/data/User/workspaceStorage/5f9a2fd1/vscode.lock': Lock acquired.
2023-08-25 13:46:41.391 [info] ExtensionService#_doActivateExtension gitpod.gitpod-web, startup: false, activationEvent: 'onAuthenticationRequest:gitpod'
2023-08-25 13:46:42.274 [info] ExtensionService#_doActivateExtension vscode.git-base, startup: true, activationEvent: '*', root cause: vscode.git
2023-08-25 13:46:42.360 [info] ExtensionService#_doActivateExtension vscode.git, startup: true, activationEvent: '*'
2023-08-25 13:46:42.360 [info] ExtensionService#_doActivateExtension vscode.github, startup: true, activationEvent: '*'
2023-08-25 13:46:42.624 [info] Eager extensions activated
2023-08-25 13:46:42.624 [info] ExtensionService#_doActivateExtension vscode.debug-auto-launch, startup: false, activationEvent: 'onStartupFinished'
2023-08-25 13:46:42.625 [info] ExtensionService#_doActivateExtension vscode.merge-conflict, startup: false, activationEvent: 'onStartupFinished'
2023-08-25 13:46:42.625 [info] ExtensionService#_doActivateExtension vscode.github-authentication, startup: false, activationEvent: 'onStartupFinished', root cause: GitHub.vscode-pull-request-github
2023-08-25 13:46:42.825 [info] ExtensionService#_doActivateExtension GitHub.vscode-pull-request-github, startup: false, activationEvent: 'onStartupFinished'
2023-08-25 13:46:43.731 [info] ExtensionService#_doActivateExtension vscode.json-language-features, startup: false, activationEvent: 'onLanguage:jsonc'
2023-08-25 13:46:43.731 [info] ExtensionService#_doActivateExtension vscode.typescript-language-features, startup: false, activationEvent: 'onLanguage:jsonc'
2023-08-25 13:46:43.732 [info] ExtensionService#_doActivateExtension vscode.emmet, startup: false, activationEvent: 'onLanguage'
2023-08-25 13:46:45.163 [error] Error: read ECONNRESET
	at TLSWrap.onStreamRead (node:internal/stream_base_commons:217:20)
2023-08-25 14:01:22.191 [warning] [Decorations] CAPPING events from decorations provider vscode.git 251
