2023-08-24 19:45:25.682 [info] Log level: Info
2023-08-24 19:45:25.682 [info] Validating found git in: "git"
2023-08-24 19:45:25.682 [info] Using git "2.41.0" from "git"
2023-08-24 19:45:25.682 [info] > git rev-parse --show-toplevel [2ms]
2023-08-24 19:45:25.682 [info] > git rev-parse --git-dir --git-common-dir [2ms]
2023-08-24 19:45:25.682 [info] Open repository: /workspace/cherryvmp
2023-08-24 19:45:25.682 [info] > git config --get commit.template [13ms]
2023-08-24 19:45:25.682 [info] > git rev-parse --show-toplevel [13ms]
2023-08-24 19:45:25.682 [info] > git for-each-ref --format=%(refname)%00%(upstream:short)%00%(objectname)%00%(upstream:track)%00%(upstream:remotename)%00%(upstream:remoteref) refs/heads/main refs/remotes/main [3ms]
2023-08-24 19:45:25.682 [info] > git rev-parse --show-toplevel [2ms]
2023-08-24 19:45:25.710 [info] > git rev-parse --show-toplevel [3ms]
2023-08-24 19:45:25.877 [info] > git rev-parse --show-toplevel [154ms]
2023-08-24 19:45:25.910 [info] > git rev-parse --show-toplevel [2ms]
2023-08-24 19:45:25.926 [info] > git rev-parse --show-toplevel [2ms]
2023-08-24 19:45:26.303 [info] > git status -z -uall [636ms]
2023-08-24 19:45:26.412 [info] > git for-each-ref --format=%(refname)%00%(upstream:short)%00%(objectname)%00%(upstream:track)%00%(upstream:remotename)%00%(upstream:remoteref) refs/heads/main refs/remotes/main [69ms]
2023-08-24 19:45:26.413 [info] > git config --get commit.template [84ms]
2023-08-24 19:45:26.531 [info] > git check-ignore -v -z --stdin [119ms]
2023-08-24 19:45:27.182 [info] > git status -z -uall [755ms]
2023-08-24 19:45:29.696 [info] > git config --local branch.main.github-pr-owner-number [2ms]
2023-08-24 19:45:29.721 [info] > git config --get commit.template [13ms]
2023-08-24 19:45:29.722 [info] > git for-each-ref --format=%(refname)%00%(upstream:short)%00%(objectname)%00%(upstream:track)%00%(upstream:remotename)%00%(upstream:remoteref) refs/heads/main refs/remotes/main [2ms]
2023-08-24 19:45:30.252 [info] > git status -z -uall [519ms]
2023-08-24 19:45:56.427 [info] > git config --get commit.template [11ms]
2023-08-24 19:45:56.428 [info] > git for-each-ref --format=%(refname)%00%(upstream:short)%00%(objectname)%00%(upstream:track)%00%(upstream:remotename)%00%(upstream:remoteref) refs/heads/main refs/remotes/main [2ms]
2023-08-24 19:45:56.898 [info] > git status -z -uall [461ms]
2023-08-24 19:46:22.628 [info] > git config --get commit.template [15ms]
2023-08-24 19:46:22.697 [info] > git for-each-ref --format=%(refname)%00%(upstream:short)%00%(objectname)%00%(upstream:track)%00%(upstream:remotename)%00%(upstream:remoteref) refs/heads/main refs/remotes/main [71ms]
2023-08-24 19:46:24.511 [info] > git status -z -uall [1799ms]
2023-08-24 19:50:29.580 [info] > git config --local branch.main.github-pr-owner-number [2ms]
2023-08-24 19:50:29.601 [info] > git config --get commit.template [11ms]
2023-08-24 19:50:29.603 [info] > git for-each-ref --format=%(refname)%00%(upstream:short)%00%(objectname)%00%(upstream:track)%00%(upstream:remotename)%00%(upstream:remoteref) refs/heads/main refs/remotes/main [1ms]
2023-08-24 19:50:30.062 [info] > git status -z -uall [450ms]
2023-08-24 19:55:30.082 [info] > git config --local branch.main.github-pr-owner-number [1ms]
2023-08-24 19:55:30.106 [info] > git config --get commit.template [12ms]
2023-08-24 19:55:30.107 [info] > git for-each-ref --format=%(refname)%00%(upstream:short)%00%(objectname)%00%(upstream:track)%00%(upstream:remotename)%00%(upstream:remoteref) refs/heads/main refs/remotes/main [2ms]
2023-08-24 19:55:30.567 [info] > git status -z -uall [449ms]
2023-08-24 20:00:30.598 [info] > git config --local branch.main.github-pr-owner-number [3ms]
2023-08-24 20:00:30.652 [info] > git config --get commit.template [36ms]
2023-08-24 20:00:30.655 [info] > git for-each-ref --format=%(refname)%00%(upstream:short)%00%(objectname)%00%(upstream:track)%00%(upstream:remotename)%00%(upstream:remoteref) refs/heads/main refs/remotes/main [4ms]
2023-08-24 20:00:31.315 [info] > git status -z -uall [641ms]
2023-08-24 20:05:31.340 [info] > git config --local branch.main.github-pr-owner-number [3ms]
2023-08-24 20:05:31.368 [info] > git config --get commit.template [13ms]
2023-08-24 20:05:31.371 [info] > git for-each-ref --format=%(refname)%00%(upstream:short)%00%(objectname)%00%(upstream:track)%00%(upstream:remotename)%00%(upstream:remoteref) refs/heads/main refs/remotes/main [3ms]
2023-08-24 20:05:31.987 [info] > git status -z -uall [603ms]
2023-08-24 20:10:32.011 [info] > git config --local branch.main.github-pr-owner-number [1ms]
2023-08-24 20:10:32.032 [info] > git config --get commit.template [10ms]
2023-08-24 20:10:32.034 [info] > git for-each-ref --format=%(refname)%00%(upstream:short)%00%(objectname)%00%(upstream:track)%00%(upstream:remotename)%00%(upstream:remoteref) refs/heads/main refs/remotes/main [1ms]
2023-08-24 20:10:32.539 [info] > git status -z -uall [495ms]
2023-08-24 20:15:32.562 [info] > git config --local branch.main.github-pr-owner-number [1ms]
2023-08-24 20:15:32.586 [info] > git config --get commit.template [11ms]
2023-08-24 20:15:32.587 [info] > git for-each-ref --format=%(refname)%00%(upstream:short)%00%(objectname)%00%(upstream:track)%00%(upstream:remotename)%00%(upstream:remoteref) refs/heads/main refs/remotes/main [2ms]
2023-08-24 20:15:33.122 [info] > git status -z -uall [524ms]
