2023-08-25 15:41:56.928 [info] Log level: Info
2023-08-25 15:41:56.928 [info] Validating found git in: "git"
2023-08-25 15:41:56.928 [info] Using git "2.41.0" from "git"
2023-08-25 15:41:56.928 [info] > git rev-parse --show-toplevel [2ms]
2023-08-25 15:41:56.928 [info] > git rev-parse --git-dir --git-common-dir [2ms]
2023-08-25 15:41:56.928 [info] Open repository: /workspace/cherryvmp
2023-08-25 15:41:56.928 [info] > git rev-parse --show-toplevel [3ms]
2023-08-25 15:41:56.928 [info] > git config --get commit.template [17ms]
2023-08-25 15:41:56.928 [info] > git for-each-ref --format=%(refname)%00%(upstream:short)%00%(objectname)%00%(upstream:track)%00%(upstream:remotename)%00%(upstream:remoteref) refs/heads/main refs/remotes/main [14ms]
2023-08-25 15:41:56.928 [info] > git rev-parse --show-toplevel [40ms]
2023-08-25 15:41:57.060 [info] > git rev-parse --show-toplevel [2ms]
2023-08-25 15:41:57.075 [info] > git rev-parse --show-toplevel [2ms]
2023-08-25 15:41:57.092 [info] > git rev-parse --show-toplevel [2ms]
2023-08-25 15:41:57.122 [info] > git rev-parse --show-toplevel [2ms]
2023-08-25 15:41:57.512 [info] > git status -z -uall [588ms]
2023-08-25 15:41:57.557 [info] > git config --get commit.template [16ms]
2023-08-25 15:41:57.558 [info] > git for-each-ref --format=%(refname)%00%(upstream:short)%00%(objectname)%00%(upstream:track)%00%(upstream:remotename)%00%(upstream:remoteref) refs/heads/main refs/remotes/main [3ms]
2023-08-25 15:41:57.825 [info] > git check-ignore -v -z --stdin [240ms]
2023-08-25 15:41:58.118 [info] > git status -z -uall [547ms]
2023-08-25 15:41:58.296 [info] > git config --local branch.main.github-pr-owner-number [2ms]
2023-08-25 15:41:58.325 [info] > git config --get commit.template [17ms]
2023-08-25 15:41:58.326 [info] > git for-each-ref --format=%(refname)%00%(upstream:short)%00%(objectname)%00%(upstream:track)%00%(upstream:remotename)%00%(upstream:remoteref) refs/heads/main refs/remotes/main [2ms]
2023-08-25 15:41:58.855 [info] > git status -z -uall [513ms]
2023-08-25 15:42:15.900 [info] > git config --get commit.template [13ms]
2023-08-25 15:42:15.901 [info] > git for-each-ref --format=%(refname)%00%(upstream:short)%00%(objectname)%00%(upstream:track)%00%(upstream:remotename)%00%(upstream:remoteref) refs/heads/main refs/remotes/main [2ms]
2023-08-25 15:42:16.379 [info] > git status -z -uall [465ms]
2023-08-25 15:42:30.311 [info] > git for-each-ref --format=%(refname)%00%(upstream:short)%00%(objectname)%00%(upstream:track)%00%(upstream:remotename)%00%(upstream:remoteref) refs/heads/main refs/remotes/main [3ms]
2023-08-25 15:42:30.311 [info] > git config --get commit.template [15ms]
2023-08-25 15:42:31.331 [info] > git status -z -uall [1007ms]
2023-08-25 15:42:36.365 [info] > git config --get commit.template [11ms]
2023-08-25 15:42:36.367 [info] > git for-each-ref --format=%(refname)%00%(upstream:short)%00%(objectname)%00%(upstream:track)%00%(upstream:remotename)%00%(upstream:remoteref) refs/heads/main refs/remotes/main [3ms]
2023-08-25 15:42:36.836 [info] > git status -z -uall [458ms]
2023-08-25 15:46:58.192 [info] > git config --local branch.main.github-pr-owner-number [1ms]
2023-08-25 15:46:58.219 [info] > git config --get commit.template [13ms]
2023-08-25 15:46:58.220 [info] > git for-each-ref --format=%(refname)%00%(upstream:short)%00%(objectname)%00%(upstream:track)%00%(upstream:remotename)%00%(upstream:remoteref) refs/heads/main refs/remotes/main [2ms]
2023-08-25 15:46:58.723 [info] > git status -z -uall [489ms]
2023-08-25 15:51:58.750 [info] > git config --local branch.main.github-pr-owner-number [2ms]
2023-08-25 15:51:58.775 [info] > git config --get commit.template [12ms]
2023-08-25 15:51:58.776 [info] > git for-each-ref --format=%(refname)%00%(upstream:short)%00%(objectname)%00%(upstream:track)%00%(upstream:remotename)%00%(upstream:remoteref) refs/heads/main refs/remotes/main [2ms]
2023-08-25 15:51:59.320 [info] > git status -z -uall [531ms]
2023-08-25 15:56:59.358 [info] > git config --local branch.main.github-pr-owner-number [2ms]
2023-08-25 15:56:59.386 [info] > git config --get commit.template [13ms]
2023-08-25 15:56:59.388 [info] > git for-each-ref --format=%(refname)%00%(upstream:short)%00%(objectname)%00%(upstream:track)%00%(upstream:remotename)%00%(upstream:remoteref) refs/heads/main refs/remotes/main [2ms]
2023-08-25 15:57:00.061 [info] > git status -z -uall [661ms]
2023-08-25 16:02:00.087 [info] > git config --local branch.main.github-pr-owner-number [2ms]
2023-08-25 16:02:00.120 [info] > git config --get commit.template [17ms]
2023-08-25 16:02:00.126 [info] > git for-each-ref --format=%(refname)%00%(upstream:short)%00%(objectname)%00%(upstream:track)%00%(upstream:remotename)%00%(upstream:remoteref) refs/heads/main refs/remotes/main [7ms]
2023-08-25 16:02:00.655 [info] > git status -z -uall [514ms]
2023-08-25 16:07:00.680 [info] > git config --local branch.main.github-pr-owner-number [1ms]
2023-08-25 16:07:00.706 [info] > git config --get commit.template [13ms]
2023-08-25 16:07:00.708 [info] > git for-each-ref --format=%(refname)%00%(upstream:short)%00%(objectname)%00%(upstream:track)%00%(upstream:remotename)%00%(upstream:remoteref) refs/heads/main refs/remotes/main [2ms]
2023-08-25 16:07:01.190 [info] > git status -z -uall [472ms]
2023-08-25 16:12:01.212 [info] > git config --local branch.main.github-pr-owner-number [3ms]
2023-08-25 16:12:01.240 [info] > git config --get commit.template [13ms]
2023-08-25 16:12:01.242 [info] > git for-each-ref --format=%(refname)%00%(upstream:short)%00%(objectname)%00%(upstream:track)%00%(upstream:remotename)%00%(upstream:remoteref) refs/heads/main refs/remotes/main [3ms]
2023-08-25 16:12:01.829 [info] > git status -z -uall [576ms]
