2023-08-25 11:41:54.984 [info] Log level: Info
2023-08-25 11:41:54.984 [info] Validating found git in: "git"
2023-08-25 11:41:54.984 [info] Using git "2.41.0" from "git"
2023-08-25 11:41:54.984 [info] > git rev-parse --show-toplevel [27ms]
2023-08-25 11:41:54.984 [info] > git rev-parse --git-dir --git-common-dir [13ms]
2023-08-25 11:41:54.984 [info] Open repository: /workspace/cherryvmp
2023-08-25 11:41:54.984 [info] > git config --get commit.template [20ms]
2023-08-25 11:41:54.984 [info] > git rev-parse --show-toplevel [3ms]
2023-08-25 11:41:54.984 [info] > git for-each-ref --format=%(refname)%00%(upstream:short)%00%(objectname)%00%(upstream:track)%00%(upstream:remotename)%00%(upstream:remoteref) refs/heads/main refs/remotes/main [2ms]
2023-08-25 11:41:54.984 [info] > git rev-parse --show-toplevel [6ms]
2023-08-25 11:41:54.987 [info] > git rev-parse --show-toplevel [3ms]
2023-08-25 11:41:54.999 [info] > git rev-parse --show-toplevel [2ms]
2023-08-25 11:41:55.010 [info] > git rev-parse --show-toplevel [2ms]
2023-08-25 11:41:55.020 [info] > git rev-parse --show-toplevel [1ms]
2023-08-25 11:41:55.451 [info] > git status -z -uall [498ms]
2023-08-25 11:41:55.486 [info] > git config --get commit.template [12ms]
2023-08-25 11:41:55.532 [info] > git for-each-ref --format=%(refname)%00%(upstream:short)%00%(objectname)%00%(upstream:track)%00%(upstream:remotename)%00%(upstream:remoteref) refs/heads/main refs/remotes/main [47ms]
2023-08-25 11:41:55.545 [info] > git check-ignore -v -z --stdin [49ms]
2023-08-25 11:41:55.967 [info] > git status -z -uall [424ms]
2023-08-25 11:41:56.280 [info] > git config --local branch.main.github-pr-owner-number [2ms]
2023-08-25 11:41:56.300 [info] > git config --get commit.template [11ms]
2023-08-25 11:41:56.301 [info] > git for-each-ref --format=%(refname)%00%(upstream:short)%00%(objectname)%00%(upstream:track)%00%(upstream:remotename)%00%(upstream:remoteref) refs/heads/main refs/remotes/main [1ms]
2023-08-25 11:41:56.740 [info] > git status -z -uall [429ms]
2023-08-25 11:42:18.906 [info] > git config --get commit.template [11ms]
2023-08-25 11:42:18.907 [info] > git for-each-ref --format=%(refname)%00%(upstream:short)%00%(objectname)%00%(upstream:track)%00%(upstream:remotename)%00%(upstream:remoteref) refs/heads/main refs/remotes/main [2ms]
2023-08-25 11:42:19.442 [info] > git status -z -uall [525ms]
2023-08-25 11:46:56.146 [info] > git config --local branch.main.github-pr-owner-number [2ms]
2023-08-25 11:46:56.167 [info] > git config --get commit.template [11ms]
2023-08-25 11:46:56.169 [info] > git for-each-ref --format=%(refname)%00%(upstream:short)%00%(objectname)%00%(upstream:track)%00%(upstream:remotename)%00%(upstream:remoteref) refs/heads/main refs/remotes/main [3ms]
2023-08-25 11:46:56.597 [info] > git status -z -uall [419ms]
2023-08-25 11:51:51.637 [info] > git config --get commit.template [11ms]
2023-08-25 11:51:51.638 [info] > git for-each-ref --format=%(refname)%00%(upstream:short)%00%(objectname)%00%(upstream:track)%00%(upstream:remotename)%00%(upstream:remoteref) refs/heads/main refs/remotes/main [2ms]
2023-08-25 11:51:52.063 [info] > git status -z -uall [415ms]
2023-08-25 11:51:56.617 [info] > git config --local branch.main.github-pr-owner-number [3ms]
2023-08-25 11:51:56.645 [info] > git config --get commit.template [16ms]
2023-08-25 11:51:56.647 [info] > git for-each-ref --format=%(refname)%00%(upstream:short)%00%(objectname)%00%(upstream:track)%00%(upstream:remotename)%00%(upstream:remoteref) refs/heads/main refs/remotes/main [2ms]
2023-08-25 11:51:57.096 [info] > git status -z -uall [438ms]
2023-08-25 11:56:57.113 [info] > git config --local branch.main.github-pr-owner-number [1ms]
2023-08-25 11:56:57.137 [info] > git config --get commit.template [12ms]
2023-08-25 11:56:57.138 [info] > git for-each-ref --format=%(refname)%00%(upstream:short)%00%(objectname)%00%(upstream:track)%00%(upstream:remotename)%00%(upstream:remoteref) refs/heads/main refs/remotes/main [2ms]
2023-08-25 11:56:57.570 [info] > git status -z -uall [421ms]
2023-08-25 12:01:57.587 [info] > git config --local branch.main.github-pr-owner-number [2ms]
2023-08-25 12:01:57.608 [info] > git config --get commit.template [10ms]
2023-08-25 12:01:57.609 [info] > git for-each-ref --format=%(refname)%00%(upstream:short)%00%(objectname)%00%(upstream:track)%00%(upstream:remotename)%00%(upstream:remoteref) refs/heads/main refs/remotes/main [2ms]
2023-08-25 12:01:58.038 [info] > git status -z -uall [420ms]
2023-08-25 12:06:58.062 [info] > git config --local branch.main.github-pr-owner-number [2ms]
2023-08-25 12:06:58.088 [info] > git config --get commit.template [12ms]
2023-08-25 12:06:58.089 [info] > git for-each-ref --format=%(refname)%00%(upstream:short)%00%(objectname)%00%(upstream:track)%00%(upstream:remotename)%00%(upstream:remoteref) refs/heads/main refs/remotes/main [2ms]
2023-08-25 12:06:58.541 [info] > git status -z -uall [440ms]
2023-08-25 12:08:30.205 [info] > git config --get commit.template [13ms]
2023-08-25 12:08:30.206 [info] > git for-each-ref --format=%(refname)%00%(upstream:short)%00%(objectname)%00%(upstream:track)%00%(upstream:remotename)%00%(upstream:remoteref) refs/heads/main refs/remotes/main [2ms]
2023-08-25 12:08:30.690 [info] > git status -z -uall [475ms]
2023-08-25 12:08:35.720 [info] > git config --get commit.template [11ms]
2023-08-25 12:08:35.721 [info] > git for-each-ref --format=%(refname)%00%(upstream:short)%00%(objectname)%00%(upstream:track)%00%(upstream:remotename)%00%(upstream:remoteref) refs/heads/main refs/remotes/main [2ms]
2023-08-25 12:08:36.192 [info] > git status -z -uall [460ms]
2023-08-25 12:10:38.249 [info] > git config --get commit.template [12ms]
2023-08-25 12:10:38.250 [info] > git for-each-ref --format=%(refname)%00%(upstream:short)%00%(objectname)%00%(upstream:track)%00%(upstream:remotename)%00%(upstream:remoteref) refs/heads/main refs/remotes/main [2ms]
2023-08-25 12:10:38.709 [info] > git status -z -uall [449ms]
2023-08-25 12:11:58.561 [info] > git config --local branch.main.github-pr-owner-number [1ms]
2023-08-25 12:11:58.581 [info] > git config --get commit.template [10ms]
2023-08-25 12:11:58.583 [info] > git for-each-ref --format=%(refname)%00%(upstream:short)%00%(objectname)%00%(upstream:track)%00%(upstream:remotename)%00%(upstream:remoteref) refs/heads/main refs/remotes/main [2ms]
2023-08-25 12:11:59.045 [info] > git status -z -uall [453ms]
2023-08-25 12:12:55.099 [info] > git for-each-ref --format=%(refname)%00%(upstream:short)%00%(objectname)%00%(upstream:track)%00%(upstream:remotename)%00%(upstream:remoteref) refs/heads/main refs/remotes/main [1ms]
2023-08-25 12:12:55.099 [info] > git config --get commit.template [19ms]
2023-08-25 12:12:55.590 [info] > git status -z -uall [476ms]
2023-08-25 12:13:00.620 [info] > git config --get commit.template [11ms]
2023-08-25 12:13:00.621 [info] > git for-each-ref --format=%(refname)%00%(upstream:short)%00%(objectname)%00%(upstream:track)%00%(upstream:remotename)%00%(upstream:remoteref) refs/heads/main refs/remotes/main [2ms]
2023-08-25 12:13:01.077 [info] > git status -z -uall [446ms]
2023-08-25 12:13:06.112 [info] > git config --get commit.template [14ms]
2023-08-25 12:13:06.113 [info] > git for-each-ref --format=%(refname)%00%(upstream:short)%00%(objectname)%00%(upstream:track)%00%(upstream:remotename)%00%(upstream:remoteref) refs/heads/main refs/remotes/main [2ms]
2023-08-25 12:13:06.584 [info] > git status -z -uall [456ms]
2023-08-25 12:13:11.614 [info] > git config --get commit.template [11ms]
2023-08-25 12:13:11.616 [info] > git for-each-ref --format=%(refname)%00%(upstream:short)%00%(objectname)%00%(upstream:track)%00%(upstream:remotename)%00%(upstream:remoteref) refs/heads/main refs/remotes/main [2ms]
2023-08-25 12:13:12.073 [info] > git status -z -uall [447ms]
2023-08-25 12:13:17.109 [info] > git config --get commit.template [15ms]
2023-08-25 12:13:17.110 [info] > git for-each-ref --format=%(refname)%00%(upstream:short)%00%(objectname)%00%(upstream:track)%00%(upstream:remotename)%00%(upstream:remoteref) refs/heads/main refs/remotes/main [2ms]
2023-08-25 12:13:17.579 [info] > git status -z -uall [455ms]
2023-08-25 12:13:22.606 [info] > git config --get commit.template [12ms]
2023-08-25 12:13:22.607 [info] > git for-each-ref --format=%(refname)%00%(upstream:short)%00%(objectname)%00%(upstream:track)%00%(upstream:remotename)%00%(upstream:remoteref) refs/heads/main refs/remotes/main [2ms]
2023-08-25 12:13:23.062 [info] > git status -z -uall [445ms]
2023-08-25 12:13:28.093 [info] > git config --get commit.template [14ms]
2023-08-25 12:13:28.094 [info] > git for-each-ref --format=%(refname)%00%(upstream:short)%00%(objectname)%00%(upstream:track)%00%(upstream:remotename)%00%(upstream:remoteref) refs/heads/main refs/remotes/main [2ms]
2023-08-25 12:13:28.561 [info] > git status -z -uall [453ms]
2023-08-25 12:13:33.579 [info] > git config --get commit.template [2ms]
2023-08-25 12:13:33.591 [info] > git for-each-ref --format=%(refname)%00%(upstream:short)%00%(objectname)%00%(upstream:track)%00%(upstream:remotename)%00%(upstream:remoteref) refs/heads/main refs/remotes/main [2ms]
2023-08-25 12:13:34.054 [info] > git status -z -uall [452ms]
2023-08-25 12:13:39.084 [info] > git config --get commit.template [13ms]
2023-08-25 12:13:39.085 [info] > git for-each-ref --format=%(refname)%00%(upstream:short)%00%(objectname)%00%(upstream:track)%00%(upstream:remotename)%00%(upstream:remoteref) refs/heads/main refs/remotes/main [2ms]
2023-08-25 12:13:39.552 [info] > git status -z -uall [455ms]
2023-08-25 12:13:44.582 [info] > git config --get commit.template [13ms]
2023-08-25 12:13:44.584 [info] > git for-each-ref --format=%(refname)%00%(upstream:short)%00%(objectname)%00%(upstream:track)%00%(upstream:remotename)%00%(upstream:remoteref) refs/heads/main refs/remotes/main [2ms]
2023-08-25 12:13:45.042 [info] > git status -z -uall [444ms]
2023-08-25 12:13:50.070 [info] > git config --get commit.template [11ms]
2023-08-25 12:13:50.071 [info] > git for-each-ref --format=%(refname)%00%(upstream:short)%00%(objectname)%00%(upstream:track)%00%(upstream:remotename)%00%(upstream:remoteref) refs/heads/main refs/remotes/main [2ms]
2023-08-25 12:13:50.541 [info] > git status -z -uall [459ms]
2023-08-25 12:13:55.567 [info] > git config --get commit.template [11ms]
2023-08-25 12:13:55.569 [info] > git for-each-ref --format=%(refname)%00%(upstream:short)%00%(objectname)%00%(upstream:track)%00%(upstream:remotename)%00%(upstream:remoteref) refs/heads/main refs/remotes/main [2ms]
2023-08-25 12:13:56.025 [info] > git status -z -uall [447ms]
2023-08-25 12:14:01.054 [info] > git config --get commit.template [12ms]
2023-08-25 12:14:01.055 [info] > git for-each-ref --format=%(refname)%00%(upstream:short)%00%(objectname)%00%(upstream:track)%00%(upstream:remotename)%00%(upstream:remoteref) refs/heads/main refs/remotes/main [2ms]
2023-08-25 12:14:01.516 [info] > git status -z -uall [450ms]
2023-08-25 12:14:06.546 [info] > git config --get commit.template [14ms]
2023-08-25 12:14:06.547 [info] > git for-each-ref --format=%(refname)%00%(upstream:short)%00%(objectname)%00%(upstream:track)%00%(upstream:remotename)%00%(upstream:remoteref) refs/heads/main refs/remotes/main [2ms]
2023-08-25 12:14:07.028 [info] > git status -z -uall [469ms]
2023-08-25 12:14:12.057 [info] > git config --get commit.template [11ms]
2023-08-25 12:14:12.058 [info] > git for-each-ref --format=%(refname)%00%(upstream:short)%00%(objectname)%00%(upstream:track)%00%(upstream:remotename)%00%(upstream:remoteref) refs/heads/main refs/remotes/main [2ms]
2023-08-25 12:14:12.512 [info] > git status -z -uall [443ms]
2023-08-25 12:14:17.544 [info] > git config --get commit.template [12ms]
2023-08-25 12:14:17.546 [info] > git for-each-ref --format=%(refname)%00%(upstream:short)%00%(objectname)%00%(upstream:track)%00%(upstream:remotename)%00%(upstream:remoteref) refs/heads/main refs/remotes/main [2ms]
2023-08-25 12:14:18.007 [info] > git status -z -uall [449ms]
2023-08-25 12:14:24.901 [info] > git config --get commit.template [13ms]
2023-08-25 12:14:24.901 [info] > git for-each-ref --format=%(refname)%00%(upstream:short)%00%(objectname)%00%(upstream:track)%00%(upstream:remotename)%00%(upstream:remoteref) refs/heads/main refs/remotes/main [2ms]
2023-08-25 12:14:25.364 [info] > git status -z -uall [449ms]
2023-08-25 12:14:30.393 [info] > git config --get commit.template [11ms]
2023-08-25 12:14:30.394 [info] > git for-each-ref --format=%(refname)%00%(upstream:short)%00%(objectname)%00%(upstream:track)%00%(upstream:remotename)%00%(upstream:remoteref) refs/heads/main refs/remotes/main [1ms]
2023-08-25 12:14:30.848 [info] > git status -z -uall [442ms]
2023-08-25 12:14:35.875 [info] > git config --get commit.template [11ms]
2023-08-25 12:14:35.877 [info] > git for-each-ref --format=%(refname)%00%(upstream:short)%00%(objectname)%00%(upstream:track)%00%(upstream:remotename)%00%(upstream:remoteref) refs/heads/main refs/remotes/main [2ms]
2023-08-25 12:14:36.334 [info] > git status -z -uall [447ms]
2023-08-25 12:14:41.367 [info] > git config --get commit.template [15ms]
2023-08-25 12:14:41.368 [info] > git for-each-ref --format=%(refname)%00%(upstream:short)%00%(objectname)%00%(upstream:track)%00%(upstream:remotename)%00%(upstream:remoteref) refs/heads/main refs/remotes/main [2ms]
2023-08-25 12:14:41.828 [info] > git status -z -uall [446ms]
2023-08-25 12:14:47.629 [info] > git config --get commit.template [13ms]
2023-08-25 12:14:47.630 [info] > git for-each-ref --format=%(refname)%00%(upstream:short)%00%(objectname)%00%(upstream:track)%00%(upstream:remotename)%00%(upstream:remoteref) refs/heads/main refs/remotes/main [1ms]
2023-08-25 12:14:48.098 [info] > git status -z -uall [455ms]
2023-08-25 12:14:54.754 [info] > git config --get commit.template [11ms]
2023-08-25 12:14:54.756 [info] > git for-each-ref --format=%(refname)%00%(upstream:short)%00%(objectname)%00%(upstream:track)%00%(upstream:remotename)%00%(upstream:remoteref) refs/heads/main refs/remotes/main [1ms]
2023-08-25 12:14:55.259 [info] > git status -z -uall [492ms]
2023-08-25 12:15:27.413 [info] > git config --get commit.template [15ms]
2023-08-25 12:15:27.414 [info] > git for-each-ref --format=%(refname)%00%(upstream:short)%00%(objectname)%00%(upstream:track)%00%(upstream:remotename)%00%(upstream:remoteref) refs/heads/main refs/remotes/main [2ms]
2023-08-25 12:15:27.883 [info] > git status -z -uall [458ms]
2023-08-25 12:15:32.905 [info] > git config --get commit.template [2ms]
2023-08-25 12:15:32.918 [info] > git for-each-ref --format=%(refname)%00%(upstream:short)%00%(objectname)%00%(upstream:track)%00%(upstream:remotename)%00%(upstream:remoteref) refs/heads/main refs/remotes/main [2ms]
2023-08-25 12:15:33.380 [info] > git status -z -uall [452ms]
2023-08-25 12:15:39.878 [info] > git config --get commit.template [15ms]
2023-08-25 12:15:39.879 [info] > git for-each-ref --format=%(refname)%00%(upstream:short)%00%(objectname)%00%(upstream:track)%00%(upstream:remotename)%00%(upstream:remoteref) refs/heads/main refs/remotes/main [2ms]
2023-08-25 12:15:40.343 [info] > git status -z -uall [450ms]
2023-08-25 12:15:49.403 [info] > git config --get commit.template [14ms]
2023-08-25 12:15:49.404 [info] > git for-each-ref --format=%(refname)%00%(upstream:short)%00%(objectname)%00%(upstream:track)%00%(upstream:remotename)%00%(upstream:remoteref) refs/heads/main refs/remotes/main [2ms]
2023-08-25 12:15:49.862 [info] > git status -z -uall [445ms]
2023-08-25 12:15:54.896 [info] > git config --get commit.template [11ms]
2023-08-25 12:15:54.897 [info] > git for-each-ref --format=%(refname)%00%(upstream:short)%00%(objectname)%00%(upstream:track)%00%(upstream:remotename)%00%(upstream:remoteref) refs/heads/main refs/remotes/main [2ms]
2023-08-25 12:15:55.355 [info] > git status -z -uall [448ms]
2023-08-25 12:16:12.386 [info] > git config --get commit.template [11ms]
2023-08-25 12:16:12.387 [info] > git for-each-ref --format=%(refname)%00%(upstream:short)%00%(objectname)%00%(upstream:track)%00%(upstream:remotename)%00%(upstream:remoteref) refs/heads/main refs/remotes/main [2ms]
2023-08-25 12:16:12.842 [info] > git status -z -uall [445ms]
2023-08-25 12:16:23.808 [info] > git config --get commit.template [12ms]
2023-08-25 12:16:23.809 [info] > git for-each-ref --format=%(refname)%00%(upstream:short)%00%(objectname)%00%(upstream:track)%00%(upstream:remotename)%00%(upstream:remoteref) refs/heads/main refs/remotes/main [2ms]
2023-08-25 12:16:24.263 [info] > git status -z -uall [444ms]
2023-08-25 12:16:38.891 [info] > git config --get commit.template [11ms]
2023-08-25 12:16:38.892 [info] > git for-each-ref --format=%(refname)%00%(upstream:short)%00%(objectname)%00%(upstream:track)%00%(upstream:remotename)%00%(upstream:remoteref) refs/heads/main refs/remotes/main [2ms]
2023-08-25 12:16:39.369 [info] > git status -z -uall [466ms]
2023-08-25 12:16:44.405 [info] > git config --get commit.template [14ms]
2023-08-25 12:16:44.406 [info] > git for-each-ref --format=%(refname)%00%(upstream:short)%00%(objectname)%00%(upstream:track)%00%(upstream:remotename)%00%(upstream:remoteref) refs/heads/main refs/remotes/main [3ms]
2023-08-25 12:16:44.864 [info] > git status -z -uall [447ms]
2023-08-25 12:16:49.894 [info] > git config --get commit.template [11ms]
2023-08-25 12:16:49.896 [info] > git for-each-ref --format=%(refname)%00%(upstream:short)%00%(objectname)%00%(upstream:track)%00%(upstream:remotename)%00%(upstream:remoteref) refs/heads/main refs/remotes/main [2ms]
2023-08-25 12:16:50.357 [info] > git status -z -uall [448ms]
2023-08-25 12:16:55.386 [info] > git config --get commit.template [13ms]
2023-08-25 12:16:55.388 [info] > git for-each-ref --format=%(refname)%00%(upstream:short)%00%(objectname)%00%(upstream:track)%00%(upstream:remotename)%00%(upstream:remoteref) refs/heads/main refs/remotes/main [2ms]
2023-08-25 12:16:55.846 [info] > git status -z -uall [447ms]
2023-08-25 12:16:59.063 [info] > git config --local branch.main.github-pr-owner-number [2ms]
2023-08-25 12:16:59.083 [info] > git config --get commit.template [10ms]
2023-08-25 12:16:59.085 [info] > git for-each-ref --format=%(refname)%00%(upstream:short)%00%(objectname)%00%(upstream:track)%00%(upstream:remotename)%00%(upstream:remoteref) refs/heads/main refs/remotes/main [2ms]
2023-08-25 12:16:59.545 [info] > git status -z -uall [451ms]
2023-08-25 12:17:00.878 [info] > git config --get commit.template [13ms]
2023-08-25 12:17:00.879 [info] > git for-each-ref --format=%(refname)%00%(upstream:short)%00%(objectname)%00%(upstream:track)%00%(upstream:remotename)%00%(upstream:remoteref) refs/heads/main refs/remotes/main [2ms]
2023-08-25 12:17:01.372 [info] > git status -z -uall [480ms]
2023-08-25 12:17:10.700 [info] > git config --get commit.template [13ms]
2023-08-25 12:17:10.700 [info] > git for-each-ref --format=%(refname)%00%(upstream:short)%00%(objectname)%00%(upstream:track)%00%(upstream:remotename)%00%(upstream:remoteref) refs/heads/main refs/remotes/main [3ms]
2023-08-25 12:17:11.161 [info] > git status -z -uall [449ms]
2023-08-25 12:17:16.193 [info] > git config --get commit.template [11ms]
2023-08-25 12:17:16.195 [info] > git for-each-ref --format=%(refname)%00%(upstream:short)%00%(objectname)%00%(upstream:track)%00%(upstream:remotename)%00%(upstream:remoteref) refs/heads/main refs/remotes/main [3ms]
2023-08-25 12:17:16.677 [info] > git status -z -uall [471ms]
2023-08-25 12:17:24.873 [info] > git config --get commit.template [11ms]
2023-08-25 12:17:24.874 [info] > git for-each-ref --format=%(refname)%00%(upstream:short)%00%(objectname)%00%(upstream:track)%00%(upstream:remotename)%00%(upstream:remoteref) refs/heads/main refs/remotes/main [2ms]
2023-08-25 12:17:25.331 [info] > git status -z -uall [446ms]
2023-08-25 12:17:30.597 [info] > git config --get commit.template [11ms]
2023-08-25 12:17:30.599 [info] > git for-each-ref --format=%(refname)%00%(upstream:short)%00%(objectname)%00%(upstream:track)%00%(upstream:remotename)%00%(upstream:remoteref) refs/heads/main refs/remotes/main [2ms]
2023-08-25 12:17:31.056 [info] > git status -z -uall [448ms]
2023-08-25 12:17:36.086 [info] > git config --get commit.template [11ms]
2023-08-25 12:17:36.087 [info] > git for-each-ref --format=%(refname)%00%(upstream:short)%00%(objectname)%00%(upstream:track)%00%(upstream:remotename)%00%(upstream:remoteref) refs/heads/main refs/remotes/main [2ms]
2023-08-25 12:17:36.550 [info] > git status -z -uall [452ms]
2023-08-25 12:17:41.577 [info] > git config --get commit.template [11ms]
2023-08-25 12:17:41.578 [info] > git for-each-ref --format=%(refname)%00%(upstream:short)%00%(objectname)%00%(upstream:track)%00%(upstream:remotename)%00%(upstream:remoteref) refs/heads/main refs/remotes/main [2ms]
2023-08-25 12:17:42.036 [info] > git status -z -uall [448ms]
2023-08-25 12:17:48.594 [info] > git config --get commit.template [11ms]
2023-08-25 12:17:48.595 [info] > git for-each-ref --format=%(refname)%00%(upstream:short)%00%(objectname)%00%(upstream:track)%00%(upstream:remotename)%00%(upstream:remoteref) refs/heads/main refs/remotes/main [2ms]
2023-08-25 12:17:49.050 [info] > git status -z -uall [445ms]
2023-08-25 12:17:54.079 [info] > git config --get commit.template [12ms]
2023-08-25 12:17:54.080 [info] > git for-each-ref --format=%(refname)%00%(upstream:short)%00%(objectname)%00%(upstream:track)%00%(upstream:remotename)%00%(upstream:remoteref) refs/heads/main refs/remotes/main [2ms]
2023-08-25 12:17:54.533 [info] > git status -z -uall [439ms]
2023-08-25 12:17:59.564 [info] > git config --get commit.template [12ms]
2023-08-25 12:17:59.565 [info] > git for-each-ref --format=%(refname)%00%(upstream:short)%00%(objectname)%00%(upstream:track)%00%(upstream:remotename)%00%(upstream:remoteref) refs/heads/main refs/remotes/main [2ms]
2023-08-25 12:18:00.024 [info] > git status -z -uall [446ms]
2023-08-25 12:18:05.086 [info] > git config --get commit.template [12ms]
2023-08-25 12:18:05.087 [info] > git for-each-ref --format=%(refname)%00%(upstream:short)%00%(objectname)%00%(upstream:track)%00%(upstream:remotename)%00%(upstream:remoteref) refs/heads/main refs/remotes/main [2ms]
2023-08-25 12:18:05.545 [info] > git status -z -uall [447ms]
2023-08-25 12:18:10.573 [info] > git config --get commit.template [12ms]
2023-08-25 12:18:10.574 [info] > git for-each-ref --format=%(refname)%00%(upstream:short)%00%(objectname)%00%(upstream:track)%00%(upstream:remotename)%00%(upstream:remoteref) refs/heads/main refs/remotes/main [2ms]
2023-08-25 12:18:11.035 [info] > git status -z -uall [451ms]
2023-08-25 12:18:16.064 [info] > git config --get commit.template [12ms]
2023-08-25 12:18:16.065 [info] > git for-each-ref --format=%(refname)%00%(upstream:short)%00%(objectname)%00%(upstream:track)%00%(upstream:remotename)%00%(upstream:remoteref) refs/heads/main refs/remotes/main [2ms]
2023-08-25 12:18:16.546 [info] > git status -z -uall [470ms]
2023-08-25 12:18:21.576 [info] > git config --get commit.template [12ms]
2023-08-25 12:18:21.577 [info] > git for-each-ref --format=%(refname)%00%(upstream:short)%00%(objectname)%00%(upstream:track)%00%(upstream:remotename)%00%(upstream:remoteref) refs/heads/main refs/remotes/main [2ms]
2023-08-25 12:18:22.038 [info] > git status -z -uall [451ms]
2023-08-25 12:18:27.068 [info] > git config --get commit.template [12ms]
2023-08-25 12:18:27.069 [info] > git for-each-ref --format=%(refname)%00%(upstream:short)%00%(objectname)%00%(upstream:track)%00%(upstream:remotename)%00%(upstream:remoteref) refs/heads/main refs/remotes/main [2ms]
2023-08-25 12:18:27.531 [info] > git status -z -uall [450ms]
2023-08-25 12:18:32.565 [info] > git config --get commit.template [16ms]
2023-08-25 12:18:32.566 [info] > git for-each-ref --format=%(refname)%00%(upstream:short)%00%(objectname)%00%(upstream:track)%00%(upstream:remotename)%00%(upstream:remoteref) refs/heads/main refs/remotes/main [2ms]
2023-08-25 12:18:33.058 [info] > git status -z -uall [479ms]
2023-08-25 12:18:38.096 [info] > git config --get commit.template [17ms]
2023-08-25 12:18:38.097 [info] > git for-each-ref --format=%(refname)%00%(upstream:short)%00%(objectname)%00%(upstream:track)%00%(upstream:remotename)%00%(upstream:remoteref) refs/heads/main refs/remotes/main [3ms]
2023-08-25 12:18:38.691 [info] > git status -z -uall [579ms]
2023-08-25 12:18:46.362 [info] > git config --get commit.template [13ms]
2023-08-25 12:18:46.363 [info] > git for-each-ref --format=%(refname)%00%(upstream:short)%00%(objectname)%00%(upstream:track)%00%(upstream:remotename)%00%(upstream:remoteref) refs/heads/main refs/remotes/main [2ms]
2023-08-25 12:18:46.853 [info] > git status -z -uall [479ms]
2023-08-25 12:18:51.886 [info] > git config --get commit.template [12ms]
2023-08-25 12:18:51.888 [info] > git for-each-ref --format=%(refname)%00%(upstream:short)%00%(objectname)%00%(upstream:track)%00%(upstream:remotename)%00%(upstream:remoteref) refs/heads/main refs/remotes/main [3ms]
2023-08-25 12:18:52.380 [info] > git status -z -uall [477ms]
2023-08-25 12:18:57.411 [info] > git config --get commit.template [12ms]
2023-08-25 12:18:57.412 [info] > git for-each-ref --format=%(refname)%00%(upstream:short)%00%(objectname)%00%(upstream:track)%00%(upstream:remotename)%00%(upstream:remoteref) refs/heads/main refs/remotes/main [2ms]
2023-08-25 12:18:57.868 [info] > git status -z -uall [445ms]
2023-08-25 12:19:02.900 [info] > git config --get commit.template [13ms]
2023-08-25 12:19:02.901 [info] > git for-each-ref --format=%(refname)%00%(upstream:short)%00%(objectname)%00%(upstream:track)%00%(upstream:remotename)%00%(upstream:remoteref) refs/heads/main refs/remotes/main [2ms]
2023-08-25 12:19:03.374 [info] > git status -z -uall [461ms]
2023-08-25 12:19:08.409 [info] > git config --get commit.template [14ms]
2023-08-25 12:19:08.410 [info] > git for-each-ref --format=%(refname)%00%(upstream:short)%00%(objectname)%00%(upstream:track)%00%(upstream:remotename)%00%(upstream:remoteref) refs/heads/main refs/remotes/main [2ms]
2023-08-25 12:19:08.877 [info] > git status -z -uall [455ms]
2023-08-25 12:19:13.907 [info] > git config --get commit.template [13ms]
2023-08-25 12:19:13.908 [info] > git for-each-ref --format=%(refname)%00%(upstream:short)%00%(objectname)%00%(upstream:track)%00%(upstream:remotename)%00%(upstream:remoteref) refs/heads/main refs/remotes/main [2ms]
2023-08-25 12:19:14.369 [info] > git status -z -uall [449ms]
2023-08-25 12:19:19.398 [info] > git config --get commit.template [11ms]
2023-08-25 12:19:19.399 [info] > git for-each-ref --format=%(refname)%00%(upstream:short)%00%(objectname)%00%(upstream:track)%00%(upstream:remotename)%00%(upstream:remoteref) refs/heads/main refs/remotes/main [2ms]
2023-08-25 12:19:19.849 [info] > git status -z -uall [439ms]
2023-08-25 12:19:24.877 [info] > git config --get commit.template [11ms]
2023-08-25 12:19:24.878 [info] > git for-each-ref --format=%(refname)%00%(upstream:short)%00%(objectname)%00%(upstream:track)%00%(upstream:remotename)%00%(upstream:remoteref) refs/heads/main refs/remotes/main [2ms]
2023-08-25 12:19:25.333 [info] > git status -z -uall [445ms]
2023-08-25 12:19:30.364 [info] > git config --get commit.template [10ms]
2023-08-25 12:19:30.365 [info] > git for-each-ref --format=%(refname)%00%(upstream:short)%00%(objectname)%00%(upstream:track)%00%(upstream:remotename)%00%(upstream:remoteref) refs/heads/main refs/remotes/main [2ms]
2023-08-25 12:19:30.820 [info] > git status -z -uall [446ms]
2023-08-25 12:19:35.852 [info] > git config --get commit.template [15ms]
2023-08-25 12:19:35.852 [info] > git for-each-ref --format=%(refname)%00%(upstream:short)%00%(objectname)%00%(upstream:track)%00%(upstream:remotename)%00%(upstream:remoteref) refs/heads/main refs/remotes/main [2ms]
2023-08-25 12:19:36.306 [info] > git status -z -uall [441ms]
2023-08-25 12:19:57.992 [info] > git config --get commit.template [11ms]
2023-08-25 12:19:57.993 [info] > git for-each-ref --format=%(refname)%00%(upstream:short)%00%(objectname)%00%(upstream:track)%00%(upstream:remotename)%00%(upstream:remoteref) refs/heads/main refs/remotes/main [2ms]
2023-08-25 12:19:58.500 [info] > git status -z -uall [497ms]
2023-08-25 12:20:03.531 [info] > git config --get commit.template [13ms]
2023-08-25 12:20:03.533 [info] > git for-each-ref --format=%(refname)%00%(upstream:short)%00%(objectname)%00%(upstream:track)%00%(upstream:remotename)%00%(upstream:remoteref) refs/heads/main refs/remotes/main [3ms]
2023-08-25 12:20:03.993 [info] > git status -z -uall [448ms]
2023-08-25 12:20:09.431 [info] > git config --get commit.template [12ms]
2023-08-25 12:20:09.432 [info] > git for-each-ref --format=%(refname)%00%(upstream:short)%00%(objectname)%00%(upstream:track)%00%(upstream:remotename)%00%(upstream:remoteref) refs/heads/main refs/remotes/main [3ms]
2023-08-25 12:20:09.885 [info] > git status -z -uall [442ms]
2023-08-25 12:20:14.918 [info] > git config --get commit.template [15ms]
2023-08-25 12:20:14.919 [info] > git for-each-ref --format=%(refname)%00%(upstream:short)%00%(objectname)%00%(upstream:track)%00%(upstream:remotename)%00%(upstream:remoteref) refs/heads/main refs/remotes/main [2ms]
2023-08-25 12:20:15.381 [info] > git status -z -uall [450ms]
2023-08-25 12:20:41.086 [info] > git config --get commit.template [11ms]
2023-08-25 12:20:41.087 [info] > git for-each-ref --format=%(refname)%00%(upstream:short)%00%(objectname)%00%(upstream:track)%00%(upstream:remotename)%00%(upstream:remoteref) refs/heads/main refs/remotes/main [2ms]
2023-08-25 12:20:41.556 [info] > git status -z -uall [458ms]
2023-08-25 12:20:46.584 [info] > git config --get commit.template [12ms]
2023-08-25 12:20:46.585 [info] > git for-each-ref --format=%(refname)%00%(upstream:short)%00%(objectname)%00%(upstream:track)%00%(upstream:remotename)%00%(upstream:remoteref) refs/heads/main refs/remotes/main [2ms]
2023-08-25 12:20:47.062 [info] > git status -z -uall [467ms]
2023-08-25 12:20:52.082 [info] > git config --get commit.template [2ms]
2023-08-25 12:20:52.097 [info] > git for-each-ref --format=%(refname)%00%(upstream:short)%00%(objectname)%00%(upstream:track)%00%(upstream:remotename)%00%(upstream:remoteref) refs/heads/main refs/remotes/main [3ms]
2023-08-25 12:20:52.588 [info] > git status -z -uall [479ms]
2023-08-25 12:20:57.622 [info] > git config --get commit.template [13ms]
2023-08-25 12:20:57.622 [info] > git for-each-ref --format=%(refname)%00%(upstream:short)%00%(objectname)%00%(upstream:track)%00%(upstream:remotename)%00%(upstream:remoteref) refs/heads/main refs/remotes/main [2ms]
2023-08-25 12:20:58.114 [info] > git status -z -uall [480ms]
2023-08-25 12:21:03.145 [info] > git config --get commit.template [12ms]
2023-08-25 12:21:03.146 [info] > git for-each-ref --format=%(refname)%00%(upstream:short)%00%(objectname)%00%(upstream:track)%00%(upstream:remotename)%00%(upstream:remoteref) refs/heads/main refs/remotes/main [2ms]
2023-08-25 12:21:03.650 [info] > git status -z -uall [494ms]
2023-08-25 12:21:08.682 [info] > git config --get commit.template [13ms]
2023-08-25 12:21:08.682 [info] > git for-each-ref --format=%(refname)%00%(upstream:short)%00%(objectname)%00%(upstream:track)%00%(upstream:remotename)%00%(upstream:remoteref) refs/heads/main refs/remotes/main [2ms]
2023-08-25 12:21:09.151 [info] > git status -z -uall [457ms]
2023-08-25 12:21:14.188 [info] > git config --get commit.template [15ms]
2023-08-25 12:21:14.190 [info] > git for-each-ref --format=%(refname)%00%(upstream:short)%00%(objectname)%00%(upstream:track)%00%(upstream:remotename)%00%(upstream:remoteref) refs/heads/main refs/remotes/main [2ms]
2023-08-25 12:21:14.693 [info] > git status -z -uall [490ms]
2023-08-25 12:21:19.722 [info] > git config --get commit.template [11ms]
2023-08-25 12:21:19.723 [info] > git for-each-ref --format=%(refname)%00%(upstream:short)%00%(objectname)%00%(upstream:track)%00%(upstream:remotename)%00%(upstream:remoteref) refs/heads/main refs/remotes/main [2ms]
2023-08-25 12:21:20.218 [info] > git status -z -uall [484ms]
2023-08-25 12:21:25.250 [info] > git config --get commit.template [13ms]
2023-08-25 12:21:25.251 [info] > git for-each-ref --format=%(refname)%00%(upstream:short)%00%(objectname)%00%(upstream:track)%00%(upstream:remotename)%00%(upstream:remoteref) refs/heads/main refs/remotes/main [2ms]
2023-08-25 12:21:25.783 [info] > git status -z -uall [519ms]
2023-08-25 12:21:30.816 [info] > git config --get commit.template [13ms]
2023-08-25 12:21:30.817 [info] > git for-each-ref --format=%(refname)%00%(upstream:short)%00%(objectname)%00%(upstream:track)%00%(upstream:remotename)%00%(upstream:remoteref) refs/heads/main refs/remotes/main [2ms]
2023-08-25 12:21:31.304 [info] > git status -z -uall [477ms]
2023-08-25 12:21:38.335 [info] > git config --get commit.template [22ms]
2023-08-25 12:21:38.340 [info] > git for-each-ref --format=%(refname)%00%(upstream:short)%00%(objectname)%00%(upstream:track)%00%(upstream:remotename)%00%(upstream:remoteref) refs/heads/main refs/remotes/main [5ms]
2023-08-25 12:21:39.224 [info] > git status -z -uall [856ms]
2023-08-25 12:21:46.600 [info] > git config --get commit.template [15ms]
2023-08-25 12:21:46.600 [info] > git for-each-ref --format=%(refname)%00%(upstream:short)%00%(objectname)%00%(upstream:track)%00%(upstream:remotename)%00%(upstream:remoteref) refs/heads/main refs/remotes/main [2ms]
2023-08-25 12:21:47.148 [info] > git status -z -uall [534ms]
2023-08-25 12:21:52.189 [info] > git config --get commit.template [18ms]
2023-08-25 12:21:52.191 [info] > git for-each-ref --format=%(refname)%00%(upstream:short)%00%(objectname)%00%(upstream:track)%00%(upstream:remotename)%00%(upstream:remoteref) refs/heads/main refs/remotes/main [3ms]
2023-08-25 12:21:52.729 [info] > git status -z -uall [524ms]
2023-08-25 12:21:57.760 [info] > git config --get commit.template [12ms]
2023-08-25 12:21:57.761 [info] > git for-each-ref --format=%(refname)%00%(upstream:short)%00%(objectname)%00%(upstream:track)%00%(upstream:remotename)%00%(upstream:remoteref) refs/heads/main refs/remotes/main [2ms]
2023-08-25 12:21:58.336 [info] > git status -z -uall [560ms]
2023-08-25 12:21:59.572 [info] > git config --local branch.main.github-pr-owner-number [1ms]
2023-08-25 12:21:59.592 [info] > git config --get commit.template [1ms]
2023-08-25 12:21:59.607 [info] > git for-each-ref --format=%(refname)%00%(upstream:short)%00%(objectname)%00%(upstream:track)%00%(upstream:remotename)%00%(upstream:remoteref) refs/heads/main refs/remotes/main [2ms]
2023-08-25 12:22:00.143 [info] > git status -z -uall [524ms]
2023-08-25 12:22:05.888 [info] > git config --get commit.template [12ms]
2023-08-25 12:22:05.889 [info] > git for-each-ref --format=%(refname)%00%(upstream:short)%00%(objectname)%00%(upstream:track)%00%(upstream:remotename)%00%(upstream:remoteref) refs/heads/main refs/remotes/main [2ms]
2023-08-25 12:22:06.416 [info] > git status -z -uall [514ms]
2023-08-25 12:22:13.206 [info] > git config --get commit.template [16ms]
2023-08-25 12:22:13.208 [info] > git for-each-ref --format=%(refname)%00%(upstream:short)%00%(objectname)%00%(upstream:track)%00%(upstream:remotename)%00%(upstream:remoteref) refs/heads/main refs/remotes/main [3ms]
2023-08-25 12:22:13.698 [info] > git status -z -uall [478ms]
2023-08-25 12:22:18.730 [info] > git config --get commit.template [12ms]
2023-08-25 12:22:18.731 [info] > git for-each-ref --format=%(refname)%00%(upstream:short)%00%(objectname)%00%(upstream:track)%00%(upstream:remotename)%00%(upstream:remoteref) refs/heads/main refs/remotes/main [2ms]
2023-08-25 12:22:19.237 [info] > git status -z -uall [491ms]
2023-08-25 12:22:25.438 [info] > git config --get commit.template [17ms]
2023-08-25 12:22:25.440 [info] > git for-each-ref --format=%(refname)%00%(upstream:short)%00%(objectname)%00%(upstream:track)%00%(upstream:remotename)%00%(upstream:remoteref) refs/heads/main refs/remotes/main [3ms]
2023-08-25 12:22:25.962 [info] > git status -z -uall [507ms]
2023-08-25 12:22:30.995 [info] > git config --get commit.template [14ms]
2023-08-25 12:22:30.996 [info] > git for-each-ref --format=%(refname)%00%(upstream:short)%00%(objectname)%00%(upstream:track)%00%(upstream:remotename)%00%(upstream:remoteref) refs/heads/main refs/remotes/main [2ms]
2023-08-25 12:22:31.461 [info] > git status -z -uall [453ms]
2023-08-25 12:22:36.495 [info] > git config --get commit.template [12ms]
2023-08-25 12:22:36.496 [info] > git for-each-ref --format=%(refname)%00%(upstream:short)%00%(objectname)%00%(upstream:track)%00%(upstream:remotename)%00%(upstream:remoteref) refs/heads/main refs/remotes/main [2ms]
2023-08-25 12:22:37.011 [info] > git status -z -uall [500ms]
2023-08-25 12:22:42.042 [info] > git config --get commit.template [11ms]
2023-08-25 12:22:42.044 [info] > git for-each-ref --format=%(refname)%00%(upstream:short)%00%(objectname)%00%(upstream:track)%00%(upstream:remotename)%00%(upstream:remoteref) refs/heads/main refs/remotes/main [2ms]
2023-08-25 12:22:42.502 [info] > git status -z -uall [449ms]
2023-08-25 12:22:47.534 [info] > git config --get commit.template [13ms]
2023-08-25 12:22:47.535 [info] > git for-each-ref --format=%(refname)%00%(upstream:short)%00%(objectname)%00%(upstream:track)%00%(upstream:remotename)%00%(upstream:remoteref) refs/heads/main refs/remotes/main [2ms]
2023-08-25 12:22:47.994 [info] > git status -z -uall [448ms]
2023-08-25 12:22:53.025 [info] > git config --get commit.template [14ms]
2023-08-25 12:22:53.026 [info] > git for-each-ref --format=%(refname)%00%(upstream:short)%00%(objectname)%00%(upstream:track)%00%(upstream:remotename)%00%(upstream:remoteref) refs/heads/main refs/remotes/main [2ms]
2023-08-25 12:22:53.504 [info] > git status -z -uall [465ms]
2023-08-25 12:22:58.539 [info] > git config --get commit.template [16ms]
2023-08-25 12:22:58.541 [info] > git for-each-ref --format=%(refname)%00%(upstream:short)%00%(objectname)%00%(upstream:track)%00%(upstream:remotename)%00%(upstream:remoteref) refs/heads/main refs/remotes/main [3ms]
2023-08-25 12:22:59.074 [info] > git status -z -uall [520ms]
2023-08-25 12:23:04.111 [info] > git config --get commit.template [15ms]
2023-08-25 12:23:04.112 [info] > git for-each-ref --format=%(refname)%00%(upstream:short)%00%(objectname)%00%(upstream:track)%00%(upstream:remotename)%00%(upstream:remoteref) refs/heads/main refs/remotes/main [2ms]
2023-08-25 12:23:04.592 [info] > git status -z -uall [466ms]
2023-08-25 12:23:09.627 [info] > git config --get commit.template [15ms]
2023-08-25 12:23:09.628 [info] > git for-each-ref --format=%(refname)%00%(upstream:short)%00%(objectname)%00%(upstream:track)%00%(upstream:remotename)%00%(upstream:remoteref) refs/heads/main refs/remotes/main [2ms]
2023-08-25 12:23:10.087 [info] > git status -z -uall [446ms]
2023-08-25 12:23:15.116 [info] > git config --get commit.template [13ms]
2023-08-25 12:23:15.117 [info] > git for-each-ref --format=%(refname)%00%(upstream:short)%00%(objectname)%00%(upstream:track)%00%(upstream:remotename)%00%(upstream:remoteref) refs/heads/main refs/remotes/main [2ms]
2023-08-25 12:23:15.578 [info] > git status -z -uall [449ms]
2023-08-25 12:23:24.909 [info] > git config --get commit.template [11ms]
2023-08-25 12:23:24.910 [info] > git for-each-ref --format=%(refname)%00%(upstream:short)%00%(objectname)%00%(upstream:track)%00%(upstream:remotename)%00%(upstream:remoteref) refs/heads/main refs/remotes/main [1ms]
2023-08-25 12:23:25.371 [info] > git status -z -uall [450ms]
2023-08-25 12:23:32.791 [info] > git config --get commit.template [13ms]
2023-08-25 12:23:32.792 [info] > git for-each-ref --format=%(refname)%00%(upstream:short)%00%(objectname)%00%(upstream:track)%00%(upstream:remotename)%00%(upstream:remoteref) refs/heads/main refs/remotes/main [2ms]
2023-08-25 12:23:33.262 [info] > git status -z -uall [459ms]
2023-08-25 12:23:38.291 [info] > git config --get commit.template [11ms]
2023-08-25 12:23:38.292 [info] > git for-each-ref --format=%(refname)%00%(upstream:short)%00%(objectname)%00%(upstream:track)%00%(upstream:remotename)%00%(upstream:remoteref) refs/heads/main refs/remotes/main [2ms]
2023-08-25 12:23:38.749 [info] > git status -z -uall [445ms]
2023-08-25 12:23:54.904 [info] > git config --get commit.template [11ms]
2023-08-25 12:23:54.905 [info] > git for-each-ref --format=%(refname)%00%(upstream:short)%00%(objectname)%00%(upstream:track)%00%(upstream:remotename)%00%(upstream:remoteref) refs/heads/main refs/remotes/main [2ms]
2023-08-25 12:23:55.373 [info] > git status -z -uall [458ms]
2023-08-25 12:24:03.095 [info] > git config --get commit.template [13ms]
2023-08-25 12:24:03.097 [info] > git for-each-ref --format=%(refname)%00%(upstream:short)%00%(objectname)%00%(upstream:track)%00%(upstream:remotename)%00%(upstream:remoteref) refs/heads/main refs/remotes/main [2ms]
2023-08-25 12:24:03.557 [info] > git status -z -uall [449ms]
2023-08-25 12:24:08.586 [info] > git config --get commit.template [12ms]
2023-08-25 12:24:08.587 [info] > git for-each-ref --format=%(refname)%00%(upstream:short)%00%(objectname)%00%(upstream:track)%00%(upstream:remotename)%00%(upstream:remoteref) refs/heads/main refs/remotes/main [2ms]
2023-08-25 12:24:09.044 [info] > git status -z -uall [446ms]
2023-08-25 12:24:14.073 [info] > git config --get commit.template [12ms]
2023-08-25 12:24:14.074 [info] > git for-each-ref --format=%(refname)%00%(upstream:short)%00%(objectname)%00%(upstream:track)%00%(upstream:remotename)%00%(upstream:remoteref) refs/heads/main refs/remotes/main [2ms]
2023-08-25 12:24:14.529 [info] > git status -z -uall [445ms]
2023-08-25 12:24:19.560 [info] > git config --get commit.template [13ms]
2023-08-25 12:24:19.561 [info] > git for-each-ref --format=%(refname)%00%(upstream:short)%00%(objectname)%00%(upstream:track)%00%(upstream:remotename)%00%(upstream:remoteref) refs/heads/main refs/remotes/main [2ms]
2023-08-25 12:24:20.010 [info] > git status -z -uall [437ms]
2023-08-25 12:24:28.300 [info] > git config --get commit.template [16ms]
2023-08-25 12:24:28.302 [info] > git for-each-ref --format=%(refname)%00%(upstream:short)%00%(objectname)%00%(upstream:track)%00%(upstream:remotename)%00%(upstream:remoteref) refs/heads/main refs/remotes/main [3ms]
2023-08-25 12:24:28.772 [info] > git status -z -uall [459ms]
2023-08-25 12:24:33.801 [info] > git config --get commit.template [11ms]
2023-08-25 12:24:33.802 [info] > git for-each-ref --format=%(refname)%00%(upstream:short)%00%(objectname)%00%(upstream:track)%00%(upstream:remotename)%00%(upstream:remoteref) refs/heads/main refs/remotes/main [2ms]
2023-08-25 12:24:34.274 [info] > git status -z -uall [461ms]
2023-08-25 12:24:39.331 [info] > git config --get commit.template [12ms]
2023-08-25 12:24:39.332 [info] > git for-each-ref --format=%(refname)%00%(upstream:short)%00%(objectname)%00%(upstream:track)%00%(upstream:remotename)%00%(upstream:remoteref) refs/heads/main refs/remotes/main [2ms]
2023-08-25 12:24:39.787 [info] > git status -z -uall [444ms]
2023-08-25 12:24:50.998 [info] > git config --get commit.template [12ms]
2023-08-25 12:24:50.999 [info] > git for-each-ref --format=%(refname)%00%(upstream:short)%00%(objectname)%00%(upstream:track)%00%(upstream:remotename)%00%(upstream:remoteref) refs/heads/main refs/remotes/main [2ms]
2023-08-25 12:24:51.458 [info] > git status -z -uall [448ms]
2023-08-25 12:24:56.486 [info] > git config --get commit.template [11ms]
2023-08-25 12:24:56.488 [info] > git for-each-ref --format=%(refname)%00%(upstream:short)%00%(objectname)%00%(upstream:track)%00%(upstream:remotename)%00%(upstream:remoteref) refs/heads/main refs/remotes/main [2ms]
2023-08-25 12:24:56.955 [info] > git status -z -uall [456ms]
2023-08-25 12:25:01.984 [info] > git config --get commit.template [11ms]
2023-08-25 12:25:01.985 [info] > git for-each-ref --format=%(refname)%00%(upstream:short)%00%(objectname)%00%(upstream:track)%00%(upstream:remotename)%00%(upstream:remoteref) refs/heads/main refs/remotes/main [2ms]
2023-08-25 12:25:02.434 [info] > git status -z -uall [439ms]
2023-08-25 12:25:12.103 [info] > git config --get commit.template [12ms]
2023-08-25 12:25:12.104 [info] > git for-each-ref --format=%(refname)%00%(upstream:short)%00%(objectname)%00%(upstream:track)%00%(upstream:remotename)%00%(upstream:remoteref) refs/heads/main refs/remotes/main [2ms]
2023-08-25 12:25:12.557 [info] > git status -z -uall [443ms]
2023-08-25 12:25:17.589 [info] > git config --get commit.template [14ms]
2023-08-25 12:25:17.590 [info] > git for-each-ref --format=%(refname)%00%(upstream:short)%00%(objectname)%00%(upstream:track)%00%(upstream:remotename)%00%(upstream:remoteref) refs/heads/main refs/remotes/main [2ms]
2023-08-25 12:25:18.055 [info] > git status -z -uall [451ms]
2023-08-25 12:25:23.089 [info] > git config --get commit.template [14ms]
2023-08-25 12:25:23.090 [info] > git for-each-ref --format=%(refname)%00%(upstream:short)%00%(objectname)%00%(upstream:track)%00%(upstream:remotename)%00%(upstream:remoteref) refs/heads/main refs/remotes/main [2ms]
2023-08-25 12:25:23.551 [info] > git status -z -uall [448ms]
2023-08-25 12:25:28.579 [info] > git config --get commit.template [12ms]
2023-08-25 12:25:28.580 [info] > git for-each-ref --format=%(refname)%00%(upstream:short)%00%(objectname)%00%(upstream:track)%00%(upstream:remotename)%00%(upstream:remoteref) refs/heads/main refs/remotes/main [2ms]
2023-08-25 12:25:29.043 [info] > git status -z -uall [452ms]
2023-08-25 12:25:42.419 [info] > git config --get commit.template [20ms]
2023-08-25 12:25:42.421 [info] > git for-each-ref --format=%(refname)%00%(upstream:short)%00%(objectname)%00%(upstream:track)%00%(upstream:remotename)%00%(upstream:remoteref) refs/heads/main refs/remotes/main [3ms]
2023-08-25 12:25:42.894 [info] > git status -z -uall [458ms]
2023-08-25 12:25:55.273 [info] > git config --get commit.template [12ms]
2023-08-25 12:25:55.275 [info] > git for-each-ref --format=%(refname)%00%(upstream:short)%00%(objectname)%00%(upstream:track)%00%(upstream:remotename)%00%(upstream:remoteref) refs/heads/main refs/remotes/main [3ms]
2023-08-25 12:25:55.795 [info] > git status -z -uall [508ms]
2023-08-25 12:26:00.828 [info] > git config --get commit.template [12ms]
2023-08-25 12:26:00.829 [info] > git for-each-ref --format=%(refname)%00%(upstream:short)%00%(objectname)%00%(upstream:track)%00%(upstream:remotename)%00%(upstream:remoteref) refs/heads/main refs/remotes/main [2ms]
2023-08-25 12:26:01.295 [info] > git status -z -uall [456ms]
2023-08-25 12:26:06.326 [info] > git config --get commit.template [14ms]
2023-08-25 12:26:06.327 [info] > git for-each-ref --format=%(refname)%00%(upstream:short)%00%(objectname)%00%(upstream:track)%00%(upstream:remotename)%00%(upstream:remoteref) refs/heads/main refs/remotes/main [2ms]
2023-08-25 12:26:06.804 [info] > git status -z -uall [465ms]
2023-08-25 12:26:11.836 [info] > git config --get commit.template [13ms]
2023-08-25 12:26:11.837 [info] > git for-each-ref --format=%(refname)%00%(upstream:short)%00%(objectname)%00%(upstream:track)%00%(upstream:remotename)%00%(upstream:remoteref) refs/heads/main refs/remotes/main [2ms]
2023-08-25 12:26:12.291 [info] > git status -z -uall [441ms]
2023-08-25 12:26:17.321 [info] > git config --get commit.template [13ms]
2023-08-25 12:26:17.322 [info] > git for-each-ref --format=%(refname)%00%(upstream:short)%00%(objectname)%00%(upstream:track)%00%(upstream:remotename)%00%(upstream:remoteref) refs/heads/main refs/remotes/main [2ms]
2023-08-25 12:26:17.773 [info] > git status -z -uall [440ms]
2023-08-25 12:26:22.800 [info] > git config --get commit.template [11ms]
2023-08-25 12:26:22.801 [info] > git for-each-ref --format=%(refname)%00%(upstream:short)%00%(objectname)%00%(upstream:track)%00%(upstream:remotename)%00%(upstream:remoteref) refs/heads/main refs/remotes/main [2ms]
2023-08-25 12:26:23.258 [info] > git status -z -uall [447ms]
2023-08-25 12:26:28.286 [info] > git config --get commit.template [11ms]
2023-08-25 12:26:28.288 [info] > git for-each-ref --format=%(refname)%00%(upstream:short)%00%(objectname)%00%(upstream:track)%00%(upstream:remotename)%00%(upstream:remoteref) refs/heads/main refs/remotes/main [2ms]
2023-08-25 12:26:28.748 [info] > git status -z -uall [450ms]
2023-08-25 12:26:33.778 [info] > git config --get commit.template [13ms]
2023-08-25 12:26:33.778 [info] > git for-each-ref --format=%(refname)%00%(upstream:short)%00%(objectname)%00%(upstream:track)%00%(upstream:remotename)%00%(upstream:remoteref) refs/heads/main refs/remotes/main [3ms]
2023-08-25 12:26:34.248 [info] > git status -z -uall [456ms]
2023-08-25 12:26:46.407 [info] > git config --get commit.template [13ms]
2023-08-25 12:26:46.408 [info] > git for-each-ref --format=%(refname)%00%(upstream:short)%00%(objectname)%00%(upstream:track)%00%(upstream:remotename)%00%(upstream:remoteref) refs/heads/main refs/remotes/main [3ms]
2023-08-25 12:26:46.874 [info] > git status -z -uall [456ms]
2023-08-25 12:26:51.902 [info] > git config --get commit.template [11ms]
2023-08-25 12:26:51.903 [info] > git for-each-ref --format=%(refname)%00%(upstream:short)%00%(objectname)%00%(upstream:track)%00%(upstream:remotename)%00%(upstream:remoteref) refs/heads/main refs/remotes/main [2ms]
2023-08-25 12:26:52.375 [info] > git status -z -uall [462ms]
2023-08-25 12:27:00.166 [info] > git config --local branch.main.github-pr-owner-number [1ms]
2023-08-25 12:27:00.190 [info] > git config --get commit.template [11ms]
2023-08-25 12:27:00.191 [info] > git for-each-ref --format=%(refname)%00%(upstream:short)%00%(objectname)%00%(upstream:track)%00%(upstream:remotename)%00%(upstream:remoteref) refs/heads/main refs/remotes/main [2ms]
2023-08-25 12:27:00.654 [info] > git status -z -uall [452ms]
2023-08-25 12:27:00.812 [info] > git config --get commit.template [13ms]
2023-08-25 12:27:00.814 [info] > git for-each-ref --format=%(refname)%00%(upstream:short)%00%(objectname)%00%(upstream:track)%00%(upstream:remotename)%00%(upstream:remoteref) refs/heads/main refs/remotes/main [2ms]
2023-08-25 12:27:01.286 [info] > git status -z -uall [461ms]
2023-08-25 12:27:06.314 [info] > git config --get commit.template [12ms]
2023-08-25 12:27:06.315 [info] > git for-each-ref --format=%(refname)%00%(upstream:short)%00%(objectname)%00%(upstream:track)%00%(upstream:remotename)%00%(upstream:remoteref) refs/heads/main refs/remotes/main [2ms]
2023-08-25 12:27:06.797 [info] > git status -z -uall [470ms]
2023-08-25 12:27:11.826 [info] > git config --get commit.template [13ms]
2023-08-25 12:27:11.828 [info] > git for-each-ref --format=%(refname)%00%(upstream:short)%00%(objectname)%00%(upstream:track)%00%(upstream:remotename)%00%(upstream:remoteref) refs/heads/main refs/remotes/main [3ms]
2023-08-25 12:27:12.289 [info] > git status -z -uall [450ms]
2023-08-25 12:27:23.796 [info] > git config --get commit.template [12ms]
2023-08-25 12:27:23.798 [info] > git for-each-ref --format=%(refname)%00%(upstream:short)%00%(objectname)%00%(upstream:track)%00%(upstream:remotename)%00%(upstream:remoteref) refs/heads/main refs/remotes/main [3ms]
2023-08-25 12:27:24.266 [info] > git status -z -uall [458ms]
2023-08-25 12:27:29.306 [info] > git config --get commit.template [21ms]
2023-08-25 12:27:29.308 [info] > git for-each-ref --format=%(refname)%00%(upstream:short)%00%(objectname)%00%(upstream:track)%00%(upstream:remotename)%00%(upstream:remoteref) refs/heads/main refs/remotes/main [2ms]
2023-08-25 12:27:29.866 [info] > git status -z -uall [546ms]
2023-08-25 12:27:34.899 [info] > git config --get commit.template [14ms]
2023-08-25 12:27:34.900 [info] > git for-each-ref --format=%(refname)%00%(upstream:short)%00%(objectname)%00%(upstream:track)%00%(upstream:remotename)%00%(upstream:remoteref) refs/heads/main refs/remotes/main [2ms]
2023-08-25 12:27:35.372 [info] > git status -z -uall [458ms]
2023-08-25 12:27:40.401 [info] > git config --get commit.template [11ms]
2023-08-25 12:27:40.402 [info] > git for-each-ref --format=%(refname)%00%(upstream:short)%00%(objectname)%00%(upstream:track)%00%(upstream:remotename)%00%(upstream:remoteref) refs/heads/main refs/remotes/main [2ms]
2023-08-25 12:27:40.866 [info] > git status -z -uall [453ms]
2023-08-25 12:27:45.896 [info] > git config --get commit.template [12ms]
2023-08-25 12:27:45.897 [info] > git for-each-ref --format=%(refname)%00%(upstream:short)%00%(objectname)%00%(upstream:track)%00%(upstream:remotename)%00%(upstream:remoteref) refs/heads/main refs/remotes/main [2ms]
2023-08-25 12:27:46.368 [info] > git status -z -uall [461ms]
2023-08-25 12:27:51.397 [info] > git config --get commit.template [12ms]
2023-08-25 12:27:51.398 [info] > git for-each-ref --format=%(refname)%00%(upstream:short)%00%(objectname)%00%(upstream:track)%00%(upstream:remotename)%00%(upstream:remoteref) refs/heads/main refs/remotes/main [2ms]
2023-08-25 12:27:51.886 [info] > git status -z -uall [477ms]
2023-08-25 12:32:00.672 [info] > git config --local branch.main.github-pr-owner-number [1ms]
2023-08-25 12:32:00.694 [info] > git config --get commit.template [10ms]
2023-08-25 12:32:00.695 [info] > git for-each-ref --format=%(refname)%00%(upstream:short)%00%(objectname)%00%(upstream:track)%00%(upstream:remotename)%00%(upstream:remoteref) refs/heads/main refs/remotes/main [2ms]
2023-08-25 12:32:01.149 [info] > git status -z -uall [444ms]
2023-08-25 12:37:01.212 [info] > git config --local branch.main.github-pr-owner-number [7ms]
2023-08-25 12:37:01.242 [info] > git config --get commit.template [15ms]
2023-08-25 12:37:01.244 [info] > git for-each-ref --format=%(refname)%00%(upstream:short)%00%(objectname)%00%(upstream:track)%00%(upstream:remotename)%00%(upstream:remoteref) refs/heads/main refs/remotes/main [3ms]
2023-08-25 12:37:01.810 [info] > git status -z -uall [551ms]
2023-08-25 12:42:01.833 [info] > git config --local branch.main.github-pr-owner-number [2ms]
2023-08-25 12:42:01.858 [info] > git config --get commit.template [12ms]
2023-08-25 12:42:01.859 [info] > git for-each-ref --format=%(refname)%00%(upstream:short)%00%(objectname)%00%(upstream:track)%00%(upstream:remotename)%00%(upstream:remoteref) refs/heads/main refs/remotes/main [2ms]
2023-08-25 12:42:02.370 [info] > git status -z -uall [500ms]
2023-08-25 12:47:02.393 [info] > git config --local branch.main.github-pr-owner-number [1ms]
2023-08-25 12:47:02.418 [info] > git config --get commit.template [12ms]
2023-08-25 12:47:02.419 [info] > git for-each-ref --format=%(refname)%00%(upstream:short)%00%(objectname)%00%(upstream:track)%00%(upstream:remotename)%00%(upstream:remoteref) refs/heads/main refs/remotes/main [2ms]
2023-08-25 12:47:02.878 [info] > git status -z -uall [447ms]
