2023-08-25 15:10:26.333 [info] Log level: Info
2023-08-25 15:10:26.333 [info] Validating found git in: "git"
2023-08-25 15:10:26.333 [info] Using git "2.41.0" from "git"
2023-08-25 15:10:26.333 [info] > git rev-parse --show-toplevel [2ms]
2023-08-25 15:10:26.333 [info] > git rev-parse --git-dir --git-common-dir [2ms]
2023-08-25 15:10:26.333 [info] Open repository: /workspace/cherryvmp
2023-08-25 15:10:26.333 [info] > git config --get commit.template [14ms]
2023-08-25 15:10:26.333 [info] > git rev-parse --show-toplevel [15ms]
2023-08-25 15:10:26.333 [info] > git for-each-ref --format=%(refname)%00%(upstream:short)%00%(objectname)%00%(upstream:track)%00%(upstream:remotename)%00%(upstream:remoteref) refs/heads/main refs/remotes/main [2ms]
2023-08-25 15:10:26.333 [info] > git rev-parse --show-toplevel [3ms]
2023-08-25 15:10:26.347 [info] > git rev-parse --show-toplevel [2ms]
2023-08-25 15:10:26.628 [info] > git rev-parse --show-toplevel [268ms]
2023-08-25 15:10:26.646 [info] > git rev-parse --show-toplevel [2ms]
2023-08-25 15:10:26.661 [info] > git rev-parse --show-toplevel [1ms]
2023-08-25 15:10:26.955 [info] > git status -z -uall [640ms]
2023-08-25 15:10:26.997 [info] > git config --get commit.template [14ms]
2023-08-25 15:10:27.000 [info] > git for-each-ref --format=%(refname)%00%(upstream:short)%00%(objectname)%00%(upstream:track)%00%(upstream:remotename)%00%(upstream:remoteref) refs/heads/main refs/remotes/main [4ms]
2023-08-25 15:10:27.157 [info] > git check-ignore -v -z --stdin [13ms]
2023-08-25 15:10:27.531 [info] > git status -z -uall [519ms]
2023-08-25 15:10:28.021 [info] > git config --local branch.main.github-pr-owner-number [3ms]
2023-08-25 15:10:28.060 [info] > git config --get commit.template [20ms]
2023-08-25 15:10:28.061 [info] > git for-each-ref --format=%(refname)%00%(upstream:short)%00%(objectname)%00%(upstream:track)%00%(upstream:remotename)%00%(upstream:remoteref) refs/heads/main refs/remotes/main [3ms]
2023-08-25 15:10:28.563 [info] > git status -z -uall [488ms]
2023-08-25 15:10:37.148 [info] > git config --get commit.template [20ms]
2023-08-25 15:10:37.149 [info] > git for-each-ref --format=%(refname)%00%(upstream:short)%00%(objectname)%00%(upstream:track)%00%(upstream:remotename)%00%(upstream:remoteref) refs/heads/main refs/remotes/main [3ms]
2023-08-25 15:10:37.836 [info] > git status -z -uall [617ms]
2023-08-25 15:10:46.531 [info] > git config --get commit.template [190ms]
2023-08-25 15:10:46.532 [info] > git for-each-ref --format=%(refname)%00%(upstream:short)%00%(objectname)%00%(upstream:track)%00%(upstream:remotename)%00%(upstream:remoteref) refs/heads/main refs/remotes/main [2ms]
2023-08-25 15:10:47.911 [info] > git status -z -uall [1361ms]
2023-08-25 15:15:27.860 [info] > git config --local branch.main.github-pr-owner-number [23ms]
2023-08-25 15:15:27.886 [info] > git config --get commit.template [14ms]
2023-08-25 15:15:27.887 [info] > git for-each-ref --format=%(refname)%00%(upstream:short)%00%(objectname)%00%(upstream:track)%00%(upstream:remotename)%00%(upstream:remoteref) refs/heads/main refs/remotes/main [2ms]
2023-08-25 15:15:28.380 [info] > git status -z -uall [482ms]
2023-08-25 15:20:28.400 [info] > git config --local branch.main.github-pr-owner-number [1ms]
2023-08-25 15:20:28.424 [info] > git config --get commit.template [12ms]
2023-08-25 15:20:28.425 [info] > git for-each-ref --format=%(refname)%00%(upstream:short)%00%(objectname)%00%(upstream:track)%00%(upstream:remotename)%00%(upstream:remoteref) refs/heads/main refs/remotes/main [2ms]
2023-08-25 15:20:28.933 [info] > git status -z -uall [494ms]
2023-08-25 15:25:28.960 [info] > git config --local branch.main.github-pr-owner-number [1ms]
2023-08-25 15:25:28.987 [info] > git config --get commit.template [14ms]
2023-08-25 15:25:28.988 [info] > git for-each-ref --format=%(refname)%00%(upstream:short)%00%(objectname)%00%(upstream:track)%00%(upstream:remotename)%00%(upstream:remoteref) refs/heads/main refs/remotes/main [2ms]
2023-08-25 15:25:29.459 [info] > git status -z -uall [458ms]
2023-08-25 15:30:29.482 [info] > git config --local branch.main.github-pr-owner-number [1ms]
2023-08-25 15:30:29.510 [info] > git config --get commit.template [14ms]
2023-08-25 15:30:29.511 [info] > git for-each-ref --format=%(refname)%00%(upstream:short)%00%(objectname)%00%(upstream:track)%00%(upstream:remotename)%00%(upstream:remoteref) refs/heads/main refs/remotes/main [2ms]
2023-08-25 15:30:29.972 [info] > git status -z -uall [447ms]
2023-08-25 15:35:29.999 [info] > git config --local branch.main.github-pr-owner-number [2ms]
2023-08-25 15:35:30.026 [info] > git config --get commit.template [13ms]
2023-08-25 15:35:30.028 [info] > git for-each-ref --format=%(refname)%00%(upstream:short)%00%(objectname)%00%(upstream:track)%00%(upstream:remotename)%00%(upstream:remoteref) refs/heads/main refs/remotes/main [2ms]
2023-08-25 15:35:30.504 [info] > git status -z -uall [462ms]
2023-08-25 15:40:30.527 [info] > git config --local branch.main.github-pr-owner-number [2ms]
2023-08-25 15:40:30.551 [info] > git config --get commit.template [12ms]
2023-08-25 15:40:30.553 [info] > git for-each-ref --format=%(refname)%00%(upstream:short)%00%(objectname)%00%(upstream:track)%00%(upstream:remotename)%00%(upstream:remoteref) refs/heads/main refs/remotes/main [2ms]
2023-08-25 15:40:31.020 [info] > git status -z -uall [454ms]
